#
# A fatal error has been detected by the Java Runtime Environment:
#
#  SIGSEGV (0xb) at pc=0x000000010108cb51, pid=1418, tid=0x0000000000004503
#
# JRE version: OpenJDK Runtime Environment (8.0_152-b01) (build 1.8.0_152-release-1024-b01)
# Java VM: OpenJDK 64-Bit Server VM (25.152-b01 mixed mode bsd-amd64 compressed oops)
# Problematic frame:
# V  [libjvm.dylib+0x28cb51]
#
# Failed to write core dump. Core dumps have been disabled. To enable core dumping, try "ulimit -c unlimited" before starting Java again
#
# If you would like to submit a bug report, please visit:
#   http://bugreport.java.com/bugreport/crash.jsp
#

---------------  T H R E A D  ---------------

Current thread (0x00007f854d80b000):  JavaThread "C2 CompilerThread1" daemon [_thread_in_native, id=17667, stack(0x0000700000c3e000,0x0000700000d3e000)]

siginfo: si_signo: 11 (SIGSEGV), si_code: 1 (SEGV_MAPERR), si_addr: 0x00000081015f33f0

Registers:
RAX=0x0000000000000038, RBX=0x0000000000000008, RCX=0x0000000000000000, RDX=0x00000081015f33f0
RSP=0x0000700000d3a9d0, RBP=0x0000700000d3a9f0, RSI=0x0000000000000800, RDI=0x0000700000d3aa00
R8 =0x0000000000000000, R9 =0x00000001015e1a20, R10=0x00000000ffffffff, R11=0xffffffff00000000
R12=0x00000001015f33f0, R13=0x0000700000d3c2b8, R14=0x0000700000d3aa00, R15=0x0000000000000800
RIP=0x000000010108cb51, EFLAGS=0x0000000000010246, ERR=0x0000000000000004
  TRAPNO=0x000000000000000e

Top of Stack: (sp=0x0000700000d3a9d0)
0x0000700000d3a9d0:   00000000000025d1 0000700000d3c3a0
0x0000700000d3a9e0:   0000700000d3abb0 0000700000d3aa00
0x0000700000d3a9f0:   0000700000d3aa50 00000001010880ce
0x0000700000d3aa00:   0000000000000000 0000000000000008
0x0000700000d3aa10:   00000081015f33f0 0000000000000000
0x0000700000d3aa20:   00007f854efedad0 0000000000000038
0x0000700000d3aa30:   00000001186012b0 0000000000000000
0x0000700000d3aa40:   0000700000d3abf0 0000700000d3ab28
0x0000700000d3aa50:   0000700000d3ac80 0000000100f49da9
0x0000700000d3aa60:   000000010028e000 00000001015afbc0
0x0000700000d3aa70:   000070000000000d 0000700000d3d078
0x0000700000d3aa80:   0000700000d3c2b8 00000000000039c0
0x0000700000d3aa90:   0000700000d3ab10 000000000000000c
0x0000700000d3aaa0:   0000700000d3aac0 00007fff8b7fe0dc
0x0000700000d3aab0:   0000000000000000 00000001015deffc
0x0000700000d3aac0:   0000700000d3ab00 0000000101232926
0x0000700000d3aad0:   0000000000000000 000000000000e710
0x0000700000d3aae0:   00007f854f51b800 0000700000d3c2b8
0x0000700000d3aaf0:   00007f854f52a000 000000000000e710
0x0000700000d3ab00:   0000700000d3ab50 0000000100e98931
0x0000700000d3ab10:   0000000000000000 0000000000000000
0x0000700000d3ab20:   0000000000000000 000000000000000a
0x0000700000d3ab30:   0000700000d3d078 0000000117bf1010
0x0000700000d3ab40:   0000000118131010 00007f854f0eb610
0x0000700000d3ab50:   00007f854f0efcc0 00007f854edcfc10
0x0000700000d3ab60:   0000700000d3c3e8 0000700000d3c3c8
0x0000700000d3ab70:   0000700000003792 0000700000d3abf0
0x0000700000d3ab80:   0000700000000002 00007f854bdce860
0x0000700000d3ab90:   00007f854bdce860 00007f854bdce870
0x0000700000d3aba0:   00007f854bdcec48 00000000000003d8
0x0000700000d3abb0:   000070000000000c 0000700000d3d078
0x0000700000d3abc0:   0000000118487010 0000000000000000 

Instructions: (pc=0x000000010108cb51)
0x000000010108cb31:   08 4c 8d 25 b7 68 56 00 89 d9 49 8b 56 20 48 8b
0x000000010108cb41:   14 ca 4c 39 e2 74 2f 49 89 56 10 44 89 fe 31 c9
0x000000010108cb51:   83 3c 8a 00 75 44 48 ff c1 83 c6 20 48 83 f9 08
0x000000010108cb61:   72 ee 49 8b 7e 30 48 85 ff 74 0b 89 de e8 11 f9 

Register to memory mapping:

RAX=0x0000000000000038 is an unknown value
RBX=0x0000000000000008 is an unknown value
RCX=0x0000000000000000 is an unknown value
RDX=0x00000081015f33f0 is an unknown value
RSP=0x0000700000d3a9d0 is pointing into the stack for thread: 0x00007f854d80b000
RBP=0x0000700000d3a9f0 is pointing into the stack for thread: 0x00007f854d80b000
RSI=0x0000000000000800 is an unknown value
RDI=0x0000700000d3aa00 is pointing into the stack for thread: 0x00007f854d80b000
R8 =0x0000000000000000 is an unknown value
R9 =0x00000001015e1a20: _ZL8tc_mutex+0x18 in /Applications/Android Studio.app/Contents/jre/jdk/Contents/Home/jre/lib/server/libjvm.dylib at 0x0000000100e00000
R10=0x00000000ffffffff is an unknown value
R11=0xffffffff00000000 is an unknown value
R12=0x00000001015f33f0: _ZN8IndexSet12_empty_blockE+0 in /Applications/Android Studio.app/Contents/jre/jdk/Contents/Home/jre/lib/server/libjvm.dylib at 0x0000000100e00000
R13=0x0000700000d3c2b8 is pointing into the stack for thread: 0x00007f854d80b000
R14=0x0000700000d3aa00 is pointing into the stack for thread: 0x00007f854d80b000
R15=0x0000000000000800 is an unknown value


Stack: [0x0000700000c3e000,0x0000700000d3e000],  sp=0x0000700000d3a9d0,  free space=1010k
Native frames: (J=compiled Java code, j=interpreted, Vv=VM code, C=native code)
V  [libjvm.dylib+0x28cb51]
V  [libjvm.dylib+0x2880ce]
V  [libjvm.dylib+0x149da9]
V  [libjvm.dylib+0x1969a0]
V  [libjvm.dylib+0x195388]
V  [libjvm.dylib+0x13b9da]
V  [libjvm.dylib+0x1a067a]
V  [libjvm.dylib+0x19fc78]
V  [libjvm.dylib+0x505e88]
V  [libjvm.dylib+0x505d4d]
V  [libjvm.dylib+0x435709]
C  [libsystem_pthread.dylib+0x39b1]  _pthread_body+0x83
C  [libsystem_pthread.dylib+0x392e]  _pthread_body+0x0
C  [libsystem_pthread.dylib+0x1385]  thread_start+0xd
C  0x0000000000000000


Current CompileTask:
C2:   2315 1311   !   4       java.net.URLClassLoader$1::run (63 bytes)


---------------  P R O C E S S  ---------------

Java Threads: ( => current thread )
  0x00007f854d60a000 JavaThread "Cache worker for file hash cache (/Users/chhekur/Desktop/nodejs-mobile-samples-master/android/native-gradle/.gradle/4.4/fileHashes)" [_thread_blocked, id=24835, stack(0x0000700001a68000,0x0000700001b68000)]
  0x00007f854c3c8000 JavaThread "File lock request listener" [_thread_in_native, id=24323, stack(0x0000700001965000,0x0000700001a65000)]
  0x00007f854c138000 JavaThread "Cache worker for file hash cache (/Users/chhekur/.gradle/caches/4.4/fileHashes)" [_thread_blocked, id=23811, stack(0x0000700001862000,0x0000700001962000)]
  0x00007f854c2df000 JavaThread "Stdin handler" [_thread_blocked, id=23299, stack(0x000070000175f000,0x000070000185f000)]
  0x00007f854d42b000 JavaThread "Asynchronous log dispatcher for DefaultDaemonConnection: socket connection from /127.0.0.1:57197 to /127.0.0.1:57198" [_thread_blocked, id=22787, stack(0x000070000165c000,0x000070000175c000)]
  0x00007f854c274000 JavaThread "Daemon worker" [_thread_in_native, id=22275, stack(0x0000700001559000,0x0000700001659000)]
  0x00007f854dab8800 JavaThread "Cancel handler" [_thread_blocked, id=21763, stack(0x0000700001456000,0x0000700001556000)]
  0x00007f854c977800 JavaThread "Handler for socket connection from /127.0.0.1:57197 to /127.0.0.1:57198" [_thread_in_native, id=21251, stack(0x0000700001353000,0x0000700001453000)]
  0x00007f854c2b2800 JavaThread "Daemon" [_thread_blocked, id=20739, stack(0x0000700001250000,0x0000700001350000)]
  0x00007f854da91800 JavaThread "Daemon periodic checks" [_thread_blocked, id=20227, stack(0x000070000114d000,0x000070000124d000)]
  0x00007f854c29e800 JavaThread "Incoming local TCP Connector on port 57197" [_thread_in_native, id=19715, stack(0x000070000104a000,0x000070000114a000)]
  0x00007f854d80d000 JavaThread "Service Thread" daemon [_thread_blocked, id=18691, stack(0x0000700000e44000,0x0000700000f44000)]
  0x00007f854c811800 JavaThread "C1 CompilerThread2" daemon [_thread_blocked, id=18179, stack(0x0000700000d41000,0x0000700000e41000)]
=>0x00007f854d80b000 JavaThread "C2 CompilerThread1" daemon [_thread_in_native, id=17667, stack(0x0000700000c3e000,0x0000700000d3e000)]
  0x00007f854c809000 JavaThread "C2 CompilerThread0" daemon [_thread_in_native, id=17155, stack(0x0000700000b3b000,0x0000700000c3b000)]
  0x00007f854c800800 JavaThread "Signal Dispatcher" daemon [_thread_blocked, id=13331, stack(0x0000700000a38000,0x0000700000b38000)]
  0x00007f854d809000 JavaThread "Finalizer" daemon [_thread_blocked, id=12291, stack(0x000070000082f000,0x000070000092f000)]
  0x00007f854d806000 JavaThread "Reference Handler" daemon [_thread_blocked, id=11779, stack(0x000070000072c000,0x000070000082c000)]
  0x00007f854d008000 JavaThread "main" [_thread_blocked, id=5891, stack(0x000070000011a000,0x000070000021a000)]

Other Threads:
  0x00007f854d064800 VMThread [stack: 0x0000700000629000,0x0000700000729000] [id=11267]
  0x00007f854d822000 WatcherThread [stack: 0x0000700000f47000,0x0000700001047000] [id=19203]

VM state:not at safepoint (normal execution)

VM Mutex/Monitor currently owned by a thread: None

Heap:
 PSYoungGen      total 47616K, used 10488K [0x00000007a0000000, 0x00000007a5d00000, 0x00000007c0000000)
  eden space 40960K, 9% used [0x00000007a0000000,0x00000007a03c0dc0,0x00000007a2800000)
  from space 6656K, 99% used [0x00000007a2800000,0x00000007a2e7d578,0x00000007a2e80000)
  to   space 6656K, 0% used [0x00000007a5680000,0x00000007a5680000,0x00000007a5d00000)
 ParOldGen       total 109568K, used 2254K [0x0000000760000000, 0x0000000766b00000, 0x00000007a0000000)
  object space 109568K, 2% used [0x0000000760000000,0x0000000760233a40,0x0000000766b00000)
 Metaspace       used 16776K, capacity 17206K, committed 17536K, reserved 1064960K
  class space    used 2430K, capacity 2585K, committed 2688K, reserved 1048576K

Card table byte_map: [0x0000000110c28000,0x0000000110f29000] byte_map_base: 0x000000010d128000

Marking Bits: (ParMarkBitMap*) 0x00000001015f81c8
 Begin Bits: [0x0000000111129000, 0x0000000112929000)
 End Bits:   [0x0000000112929000, 0x0000000114129000)

Polling page: 0x0000000100533000

CodeCache: size=245760Kb used=4663Kb max_used=4663Kb free=241096Kb
 bounds [0x0000000101868000, 0x0000000101cf8000, 0x0000000110868000]
 total_blobs=1762 nmethods=1399 adapters=278
 compilation: enabled

Compilation events (10 events):
Event: 2.231 Thread 0x00007f854c811800 1403       3       java.net.URL::<init> (308 bytes)
Event: 2.233 Thread 0x00007f854c811800 nmethod 1403 0x0000000101cf1290 code [0x0000000101cf1720, 0x0000000101cf4758]
Event: 2.233 Thread 0x00007f854c811800 1404       3       java.net.Parts::<init> (87 bytes)
Event: 2.234 Thread 0x00007f854c811800 nmethod 1404 0x0000000101cf5dd0 code [0x0000000101cf5fc0, 0x0000000101cf6958]
Event: 2.234 Thread 0x00007f854c811800 1405       3       java.util.jar.JarFile::<init> (15 bytes)
Event: 2.234 Thread 0x00007f854c811800 nmethod 1405 0x0000000101cf6c10 code [0x0000000101cf6da0, 0x0000000101cf7098]
Event: 2.254 Thread 0x00007f854c811800 1406       3       java.lang.StringBuilder::append (9 bytes)
Event: 2.254 Thread 0x00007f854c811800 nmethod 1406 0x0000000101cf7210 code [0x0000000101cf73a0, 0x0000000101cf7798]
Event: 2.287 Thread 0x00007f854c811800 1407       3       java.util.jar.Manifest$FastInputStream::fill (38 bytes)
Event: 2.288 Thread 0x00007f854c811800 nmethod 1407 0x0000000101cf7910 code [0x0000000101cf7a80, 0x0000000101cf7d08]

GC Heap History (6 events):
Event: 0.623 GC heap before
{Heap before GC invocations=1 (full 0):
 PSYoungGen      total 47616K, used 40960K [0x00000007a0000000, 0x00000007a3500000, 0x00000007c0000000)
  eden space 40960K, 100% used [0x00000007a0000000,0x00000007a2800000,0x00000007a2800000)
  from space 6656K, 0% used [0x00000007a2e80000,0x00000007a2e80000,0x00000007a3500000)
  to   space 6656K, 0% used [0x00000007a2800000,0x00000007a2800000,0x00000007a2e80000)
 ParOldGen       total 109568K, used 0K [0x0000000760000000, 0x0000000766b00000, 0x00000007a0000000)
  object space 109568K, 0% used [0x0000000760000000,0x0000000760000000,0x0000000766b00000)
 Metaspace       used 6618K, capacity 6886K, committed 7168K, reserved 1056768K
  class space    used 819K, capacity 915K, committed 1024K, reserved 1048576K
Event: 0.628 GC heap after
Heap after GC invocations=1 (full 0):
 PSYoungGen      total 47616K, used 4842K [0x00000007a0000000, 0x00000007a3500000, 0x00000007c0000000)
  eden space 40960K, 0% used [0x00000007a0000000,0x00000007a0000000,0x00000007a2800000)
  from space 6656K, 72% used [0x00000007a2800000,0x00000007a2cbabe8,0x00000007a2e80000)
  to   space 6656K, 0% used [0x00000007a2e80000,0x00000007a2e80000,0x00000007a3500000)
 ParOldGen       total 109568K, used 16K [0x0000000760000000, 0x0000000766b00000, 0x00000007a0000000)
  object space 109568K, 0% used [0x0000000760000000,0x0000000760004000,0x0000000766b00000)
 Metaspace       used 6618K, capacity 6886K, committed 7168K, reserved 1056768K
  class space    used 819K, capacity 915K, committed 1024K, reserved 1048576K
}
Event: 1.389 GC heap before
{Heap before GC invocations=2 (full 0):
 PSYoungGen      total 47616K, used 45802K [0x00000007a0000000, 0x00000007a3500000, 0x00000007c0000000)
  eden space 40960K, 100% used [0x00000007a0000000,0x00000007a2800000,0x00000007a2800000)
  from space 6656K, 72% used [0x00000007a2800000,0x00000007a2cbabe8,0x00000007a2e80000)
  to   space 6656K, 0% used [0x00000007a2e80000,0x00000007a2e80000,0x00000007a3500000)
 ParOldGen       total 109568K, used 16K [0x0000000760000000, 0x0000000766b00000, 0x00000007a0000000)
  object space 109568K, 0% used [0x0000000760000000,0x0000000760004000,0x0000000766b00000)
 Metaspace       used 12642K, capacity 12944K, committed 13184K, reserved 1060864K
  class space    used 1739K, capacity 1832K, committed 1920K, reserved 1048576K
Event: 1.397 GC heap after
Heap after GC invocations=2 (full 0):
 PSYoungGen      total 47616K, used 6649K [0x00000007a0000000, 0x00000007a3500000, 0x00000007c0000000)
  eden space 40960K, 0% used [0x00000007a0000000,0x00000007a0000000,0x00000007a2800000)
  from space 6656K, 99% used [0x00000007a2e80000,0x00000007a34fe508,0x00000007a3500000)
  to   space 6656K, 0% used [0x00000007a2800000,0x00000007a2800000,0x00000007a2e80000)
 ParOldGen       total 109568K, used 212K [0x0000000760000000, 0x0000000766b00000, 0x00000007a0000000)
  object space 109568K, 0% used [0x0000000760000000,0x0000000760035340,0x0000000766b00000)
 Metaspace       used 12642K, capacity 12944K, committed 13184K, reserved 1060864K
  class space    used 1739K, capacity 1832K, committed 1920K, reserved 1048576K
}
Event: 2.091 GC heap before
{Heap before GC invocations=3 (full 0):
 PSYoungGen      total 47616K, used 47609K [0x00000007a0000000, 0x00000007a3500000, 0x00000007c0000000)
  eden space 40960K, 100% used [0x00000007a0000000,0x00000007a2800000,0x00000007a2800000)
  from space 6656K, 99% used [0x00000007a2e80000,0x00000007a34fe508,0x00000007a3500000)
  to   space 6656K, 0% used [0x00000007a2800000,0x00000007a2800000,0x00000007a2e80000)
 ParOldGen       total 109568K, used 212K [0x0000000760000000, 0x0000000766b00000, 0x00000007a0000000)
  object space 109568K, 0% used [0x0000000760000000,0x0000000760035340,0x0000000766b00000)
 Metaspace       used 16373K, capacity 16748K, committed 17152K, reserved 1064960K
  class space    used 2369K, capacity 2478K, committed 2560K, reserved 1048576K
Event: 2.109 GC heap after
Heap after GC invocations=3 (full 0):
 PSYoungGen      total 47616K, used 6645K [0x00000007a0000000, 0x00000007a5d00000, 0x00000007c0000000)
  eden space 40960K, 0% used [0x00000007a0000000,0x00000007a0000000,0x00000007a2800000)
  from space 6656K, 99% used [0x00000007a2800000,0x00000007a2e7d578,0x00000007a2e80000)
  to   space 6656K, 0% used [0x00000007a5680000,0x00000007a5680000,0x00000007a5d00000)
 ParOldGen       total 109568K, used 2254K [0x0000000760000000, 0x0000000766b00000, 0x00000007a0000000)
  object space 109568K, 2% used [0x0000000760000000,0x0000000760233a40,0x0000000766b00000)
 Metaspace       used 16373K, capacity 16748K, committed 17152K, reserved 1064960K
  class space    used 2369K, capacity 2478K, committed 2560K, reserved 1048576K
}

Deoptimization events (10 events):
Event: 1.543 Thread 0x00007f854c274000 Uncommon trap: reason=class_check action=maybe_recompile pc=0x0000000101af0e38 method=java.util.regex.Matcher.match(II)Z @ 86
Event: 1.543 Thread 0x00007f854c274000 Uncommon trap: reason=class_check action=maybe_recompile pc=0x0000000101aca6ac method=java.util.regex.Matcher.match(II)Z @ 86
Event: 2.010 Thread 0x00007f854c274000 Uncommon trap: reason=unstable_if action=reinterpret pc=0x00000001019be4ec method=java.net.URI.match(CJJ)Z @ 19
Event: 2.010 Thread 0x00007f854c274000 Uncommon trap: reason=unstable_if action=reinterpret pc=0x0000000101af7d64 method=java.net.URI.match(CJJ)Z @ 19
Event: 2.058 Thread 0x00007f854c274000 Uncommon trap: reason=unstable_if action=reinterpret pc=0x0000000101a88ce4 method=java.io.UnixFileSystem.normalize(Ljava/lang/String;)Ljava/lang/String; @ 60
Event: 2.058 Thread 0x00007f854c274000 Uncommon trap: reason=unstable_if action=reinterpret pc=0x0000000101adb794 method=java.io.File.getName()Ljava/lang/String; @ 16
Event: 2.197 Thread 0x00007f854c274000 Uncommon trap: reason=bimorphic action=maybe_recompile pc=0x0000000101c5a8ec method=java.lang.ClassLoader.loadClass(Ljava/lang/String;Z)Ljava/lang/Class; @ 38
Event: 2.211 Thread 0x00007f854c274000 Uncommon trap: reason=bimorphic action=maybe_recompile pc=0x0000000101c5a8ec method=java.lang.ClassLoader.loadClass(Ljava/lang/String;Z)Ljava/lang/Class; @ 38
Event: 2.211 Thread 0x00007f854c274000 Uncommon trap: reason=bimorphic action=maybe_recompile pc=0x0000000101c5a8ec method=java.lang.ClassLoader.loadClass(Ljava/lang/String;Z)Ljava/lang/Class; @ 38
Event: 2.212 Thread 0x00007f854c274000 Uncommon trap: reason=bimorphic action=maybe_recompile pc=0x0000000101c5a8ec method=java.lang.ClassLoader.loadClass(Ljava/lang/String;Z)Ljava/lang/Class; @ 38

Classes redefined (0 events):
No events

Internal exceptions (10 events):
Event: 1.102 Thread 0x00007f854c977800 Exception <a 'java/lang/NoSuchMethodError': <clinit>> (0x00000007a17bbd88) thrown at [/Volumes/android/AOSP-openjdk-git/jdk8u/hotspot/src/share/vm/prims/jni.cpp, line 1613]
Event: 1.104 Thread 0x00007f854c977800 Exception <a 'java/lang/NoSuchMethodError': <clinit>> (0x00000007a17c9b10) thrown at [/Volumes/android/AOSP-openjdk-git/jdk8u/hotspot/src/share/vm/prims/jni.cpp, line 1613]
Event: 1.108 Thread 0x00007f854c977800 Exception <a 'java/lang/NoSuchMethodError': <clinit>> (0x00000007a17e8ef8) thrown at [/Volumes/android/AOSP-openjdk-git/jdk8u/hotspot/src/share/vm/prims/jni.cpp, line 1613]
Event: 1.127 Thread 0x00007f854c274000 Exception <a 'java/lang/NoSuchMethodError': <clinit>> (0x00000007a18dc068) thrown at [/Volumes/android/AOSP-openjdk-git/jdk8u/hotspot/src/share/vm/prims/jni.cpp, line 1613]
Event: 1.128 Thread 0x00007f854c274000 Exception <a 'java/lang/NoSuchMethodError': <clinit>> (0x00000007a18e42f0) thrown at [/Volumes/android/AOSP-openjdk-git/jdk8u/hotspot/src/share/vm/prims/jni.cpp, line 1613]
Event: 2.077 Thread 0x00007f854c274000 Exception <a 'java/lang/NoSuchMethodError': <clinit>> (0x00000007a2716ce8) thrown at [/Volumes/android/AOSP-openjdk-git/jdk8u/hotspot/src/share/vm/prims/jni.cpp, line 1613]
Event: 2.078 Thread 0x00007f854c274000 Exception <a 'java/lang/NoSuchMethodError': <clinit>> (0x00000007a27196a0) thrown at [/Volumes/android/AOSP-openjdk-git/jdk8u/hotspot/src/share/vm/prims/jni.cpp, line 1613]
Event: 2.078 Thread 0x00007f854c274000 Exception <a 'java/lang/NoSuchMethodError': <clinit>> (0x00000007a2726c90) thrown at [/Volumes/android/AOSP-openjdk-git/jdk8u/hotspot/src/share/vm/prims/jni.cpp, line 1613]
Event: 2.079 Thread 0x00007f854c274000 Exception <a 'java/lang/NoSuchMethodError': <clinit>> (0x00000007a2732420) thrown at [/Volumes/android/AOSP-openjdk-git/jdk8u/hotspot/src/share/vm/prims/jni.cpp, line 1613]
Event: 2.215 Thread 0x00007f854c274000 Exception <a 'java/lang/NoSuchMethodError': <clinit>> (0x00000007a00f8fb8) thrown at [/Volumes/android/AOSP-openjdk-git/jdk8u/hotspot/src/share/vm/prims/jni.cpp, line 1613]

Events (10 events):
Event: 2.214 loading class org/gradle/tooling/BuildAction
Event: 2.214 loading class org/gradle/tooling/BuildAction done
Event: 2.214 loading class org/gradle/tooling/internal/consumer/versioning/VersionDetails
Event: 2.214 loading class org/gradle/tooling/internal/consumer/versioning/VersionDetails done
Event: 2.215 loading class org/gradle/tooling/internal/protocol/InternalBuildController
Event: 2.215 loading class org/gradle/tooling/internal/protocol/InternalBuildController done
Event: 2.215 loading class com/android/tools/idea/gradle/run/OutputBuildAction
Event: 2.215 loading class com/android/tools/idea/gradle/run/OutputBuildAction done
Event: 2.287 loading class com/google/common/collect/ImmutableCollection
Event: 2.287 loading class com/google/common/collect/ImmutableCollection done


Dynamic libraries:
0x000000000121a000 	/System/Library/Frameworks/Cocoa.framework/Versions/A/Cocoa
0x000000000121a000 	/System/Library/Frameworks/Security.framework/Versions/A/Security
0x000000000121a000 	/System/Library/Frameworks/ApplicationServices.framework/Versions/A/ApplicationServices
0x000000000121a000 	/usr/lib/libz.1.dylib
0x000000000121a000 	/usr/lib/libSystem.B.dylib
0x000000000121a000 	/System/Library/Frameworks/CoreFoundation.framework/Versions/A/CoreFoundation
0x000000000121a000 	/System/Library/Frameworks/Foundation.framework/Versions/C/Foundation
0x000000000121a000 	/usr/lib/libobjc.A.dylib
0x000000000121a000 	/System/Library/Frameworks/AppKit.framework/Versions/C/AppKit
0x000000000121a000 	/System/Library/Frameworks/CoreData.framework/Versions/A/CoreData
0x000000000121a000 	/System/Library/PrivateFrameworks/RemoteViewServices.framework/Versions/A/RemoteViewServices
0x000000000121a000 	/System/Library/PrivateFrameworks/UIFoundation.framework/Versions/A/UIFoundation
0x000000000121a000 	/usr/lib/libScreenReader.dylib
0x000000000121a000 	/System/Library/Frameworks/Accelerate.framework/Versions/A/Accelerate
0x000000000121a000 	/System/Library/Frameworks/IOSurface.framework/Versions/A/IOSurface
0x000000000121a000 	/System/Library/Frameworks/AudioToolbox.framework/Versions/A/AudioToolbox
0x000000000121a000 	/System/Library/Frameworks/AudioUnit.framework/Versions/A/AudioUnit
0x000000000121a000 	/System/Library/PrivateFrameworks/DataDetectorsCore.framework/Versions/A/DataDetectorsCore
0x000000000121a000 	/System/Library/PrivateFrameworks/DesktopServicesPriv.framework/Versions/A/DesktopServicesPriv
0x000000000121a000 	/System/Library/Frameworks/Carbon.framework/Versions/A/Frameworks/HIToolbox.framework/Versions/A/HIToolbox
0x000000000121a000 	/System/Library/Frameworks/QuartzCore.framework/Versions/A/QuartzCore
0x000000000121a000 	/System/Library/Frameworks/Carbon.framework/Versions/A/Frameworks/SpeechRecognition.framework/Versions/A/SpeechRecognition
0x000000000121a000 	/usr/lib/libauto.dylib
0x000000000121a000 	/usr/lib/libicucore.A.dylib
0x000000000121a000 	/usr/lib/libxml2.2.dylib
0x000000000121a000 	/System/Library/PrivateFrameworks/CoreUI.framework/Versions/A/CoreUI
0x000000000121a000 	/System/Library/Frameworks/CoreAudio.framework/Versions/A/CoreAudio
0x000000000121a000 	/System/Library/Frameworks/DiskArbitration.framework/Versions/A/DiskArbitration
0x000000000121a000 	/usr/lib/liblangid.dylib
0x000000000121a000 	/System/Library/PrivateFrameworks/MultitouchSupport.framework/Versions/A/MultitouchSupport
0x000000000121a000 	/System/Library/Frameworks/IOKit.framework/Versions/A/IOKit
0x000000000121a000 	/usr/lib/libDiagnosticMessagesClient.dylib
0x000000000121a000 	/System/Library/Frameworks/CoreServices.framework/Versions/A/CoreServices
0x000000000121a000 	/System/Library/PrivateFrameworks/PerformanceAnalysis.framework/Versions/A/PerformanceAnalysis
0x000000000121a000 	/System/Library/PrivateFrameworks/GenerationalStorage.framework/Versions/A/GenerationalStorage
0x000000000121a000 	/System/Library/Frameworks/OpenGL.framework/Versions/A/OpenGL
0x000000000121a000 	/System/Library/PrivateFrameworks/Sharing.framework/Versions/A/Sharing
0x000000000121a000 	/System/Library/Frameworks/CoreGraphics.framework/Versions/A/CoreGraphics
0x000000000121a000 	/System/Library/Frameworks/CoreImage.framework/Versions/A/CoreImage
0x000000000121a000 	/System/Library/Frameworks/CoreText.framework/Versions/A/CoreText
0x000000000121a000 	/System/Library/Frameworks/ImageIO.framework/Versions/A/ImageIO
0x000000000121a000 	/System/Library/PrivateFrameworks/Backup.framework/Versions/A/Backup
0x000000000121a000 	/usr/lib/libextension.dylib
0x000000000121a000 	/usr/lib/libarchive.2.dylib
0x000000000121a000 	/System/Library/Frameworks/CFNetwork.framework/Versions/A/CFNetwork
0x000000000121a000 	/System/Library/Frameworks/SystemConfiguration.framework/Versions/A/SystemConfiguration
0x000000000121a000 	/usr/lib/libCRFSuite.dylib
0x000000000121a000 	/usr/lib/libc++.1.dylib
0x000000000121a000 	/usr/lib/libc++abi.dylib
0x000000000121a000 	/usr/lib/system/libcache.dylib
0x000000000121a000 	/usr/lib/system/libcommonCrypto.dylib
0x000000000121a000 	/usr/lib/system/libcompiler_rt.dylib
0x000000000121a000 	/usr/lib/system/libcopyfile.dylib
0x000000000121a000 	/usr/lib/system/libcorecrypto.dylib
0x000000000121a000 	/usr/lib/system/libdispatch.dylib
0x000000000121a000 	/usr/lib/system/libdyld.dylib
0x000000000121a000 	/usr/lib/system/libkeymgr.dylib
0x000000000121a000 	/usr/lib/system/liblaunch.dylib
0x000000000121a000 	/usr/lib/system/libmacho.dylib
0x000000000121a000 	/usr/lib/system/libquarantine.dylib
0x000000000121a000 	/usr/lib/system/libremovefile.dylib
0x000000000121a000 	/usr/lib/system/libsystem_asl.dylib
0x000000000121a000 	/usr/lib/system/libsystem_blocks.dylib
0x000000000121a000 	/usr/lib/system/libsystem_c.dylib
0x000000000121a000 	/usr/lib/system/libsystem_configuration.dylib
0x000000000121a000 	/usr/lib/system/libsystem_coreservices.dylib
0x000000000121a000 	/usr/lib/system/libsystem_coretls.dylib
0x000000000121a000 	/usr/lib/system/libsystem_dnssd.dylib
0x000000000121a000 	/usr/lib/system/libsystem_info.dylib
0x000000000121a000 	/usr/lib/system/libsystem_kernel.dylib
0x000000000121a000 	/usr/lib/system/libsystem_m.dylib
0x000000000121a000 	/usr/lib/system/libsystem_malloc.dylib
0x000000000121a000 	/usr/lib/system/libsystem_network.dylib
0x000000000121a000 	/usr/lib/system/libsystem_networkextension.dylib
0x000000000121a000 	/usr/lib/system/libsystem_notify.dylib
0x000000000121a000 	/usr/lib/system/libsystem_platform.dylib
0x000000000121a000 	/usr/lib/system/libsystem_pthread.dylib
0x000000000121a000 	/usr/lib/system/libsystem_sandbox.dylib
0x000000000121a000 	/usr/lib/system/libsystem_secinit.dylib
0x000000000121a000 	/usr/lib/system/libsystem_trace.dylib
0x000000000121a000 	/usr/lib/system/libunc.dylib
0x000000000121a000 	/usr/lib/system/libunwind.dylib
0x000000000121a000 	/usr/lib/system/libxpc.dylib
0x000000000121a000 	/usr/lib/libenergytrace.dylib
0x000000000121a000 	/usr/lib/libbsm.0.dylib
0x000000000121a000 	/usr/lib/system/libkxld.dylib
0x000000000121a000 	/usr/lib/libxar.1.dylib
0x000000000121a000 	/usr/lib/libsqlite3.dylib
0x000000000121a000 	/usr/lib/libpam.2.dylib
0x000000000121a000 	/usr/lib/libOpenScriptingUtil.dylib
0x000000000121a000 	/usr/lib/libbz2.1.0.dylib
0x000000000121a000 	/usr/lib/liblzma.5.dylib
0x000000000121a000 	/System/Library/Frameworks/CoreServices.framework/Versions/A/Frameworks/FSEvents.framework/Versions/A/FSEvents
0x000000000121a000 	/System/Library/Frameworks/CoreServices.framework/Versions/A/Frameworks/CarbonCore.framework/Versions/A/CarbonCore
0x000000000121a000 	/System/Library/Frameworks/CoreServices.framework/Versions/A/Frameworks/Metadata.framework/Versions/A/Metadata
0x000000000121a000 	/System/Library/Frameworks/CoreServices.framework/Versions/A/Frameworks/OSServices.framework/Versions/A/OSServices
0x000000000121a000 	/System/Library/Frameworks/CoreServices.framework/Versions/A/Frameworks/SearchKit.framework/Versions/A/SearchKit
0x000000000121a000 	/System/Library/Frameworks/CoreServices.framework/Versions/A/Frameworks/AE.framework/Versions/A/AE
0x000000000121a000 	/System/Library/Frameworks/CoreServices.framework/Versions/A/Frameworks/LaunchServices.framework/Versions/A/LaunchServices
0x000000000121a000 	/System/Library/Frameworks/CoreServices.framework/Versions/A/Frameworks/DictionaryServices.framework/Versions/A/DictionaryServices
0x000000000121a000 	/System/Library/Frameworks/CoreServices.framework/Versions/A/Frameworks/SharedFileList.framework/Versions/A/SharedFileList
0x000000000121a000 	/System/Library/Frameworks/NetFS.framework/Versions/A/NetFS
0x000000000121a000 	/System/Library/PrivateFrameworks/NetAuth.framework/Versions/A/NetAuth
0x000000000121a000 	/System/Library/PrivateFrameworks/login.framework/Versions/A/Frameworks/loginsupport.framework/Versions/A/loginsupport
0x000000000121a000 	/System/Library/PrivateFrameworks/TCC.framework/Versions/A/TCC
0x000000000121a000 	/usr/lib/libmecabra.dylib
0x000000000121a000 	/System/Library/Frameworks/ApplicationServices.framework/Versions/A/Frameworks/ATS.framework/Versions/A/ATS
0x000000000121a000 	/System/Library/Frameworks/ApplicationServices.framework/Versions/A/Frameworks/ColorSync.framework/Versions/A/ColorSync
0x000000000121a000 	/System/Library/Frameworks/ApplicationServices.framework/Versions/A/Frameworks/HIServices.framework/Versions/A/HIServices
0x000000000121a000 	/System/Library/Frameworks/ApplicationServices.framework/Versions/A/Frameworks/LangAnalysis.framework/Versions/A/LangAnalysis
0x000000000121a000 	/System/Library/Frameworks/ApplicationServices.framework/Versions/A/Frameworks/PrintCore.framework/Versions/A/PrintCore
0x000000000121a000 	/System/Library/Frameworks/ApplicationServices.framework/Versions/A/Frameworks/QD.framework/Versions/A/QD
0x000000000121a000 	/System/Library/Frameworks/ApplicationServices.framework/Versions/A/Frameworks/SpeechSynthesis.framework/Versions/A/SpeechSynthesis
0x000000000121a000 	/System/Library/Frameworks/Metal.framework/Versions/A/Metal
0x000000000121a000 	/System/Library/Frameworks/Accelerate.framework/Versions/A/Frameworks/vImage.framework/Versions/A/vImage
0x000000000121a000 	/System/Library/Frameworks/Accelerate.framework/Versions/A/Frameworks/vecLib.framework/Versions/A/vecLib
0x000000000121a000 	/System/Library/Frameworks/Accelerate.framework/Versions/A/Frameworks/vecLib.framework/Versions/A/libvDSP.dylib
0x000000000121a000 	/System/Library/Frameworks/Accelerate.framework/Versions/A/Frameworks/vecLib.framework/Versions/A/libvMisc.dylib
0x000000000121a000 	/System/Library/Frameworks/Accelerate.framework/Versions/A/Frameworks/vecLib.framework/Versions/A/libLAPACK.dylib
0x000000000121a000 	/System/Library/Frameworks/Accelerate.framework/Versions/A/Frameworks/vecLib.framework/Versions/A/libBLAS.dylib
0x000000000121a000 	/System/Library/Frameworks/Accelerate.framework/Versions/A/Frameworks/vecLib.framework/Versions/A/libLinearAlgebra.dylib
0x000000000121a000 	/System/Library/Frameworks/Accelerate.framework/Versions/A/Frameworks/vecLib.framework/Versions/A/libSparseBLAS.dylib
0x000000000121a000 	/System/Library/PrivateFrameworks/GPUCompiler.framework/libmetal_timestamp.dylib
0x000000000121a000 	/System/Library/Frameworks/OpenGL.framework/Versions/A/Libraries/libCoreFSCache.dylib
0x000000000121a000 	/System/Library/PrivateFrameworks/IOAccelerator.framework/Versions/A/IOAccelerator
0x000000000121a000 	/System/Library/Frameworks/ApplicationServices.framework/Versions/A/Frameworks/ATS.framework/Versions/A/Resources/libFontParser.dylib
0x000000000121a000 	/System/Library/Frameworks/ApplicationServices.framework/Versions/A/Frameworks/ATS.framework/Versions/A/Resources/libFontRegistry.dylib
0x000000000121a000 	/System/Library/PrivateFrameworks/AppleVPA.framework/Versions/A/AppleVPA
0x000000000121a000 	/System/Library/PrivateFrameworks/AppleJPEG.framework/Versions/A/AppleJPEG
0x000000000121a000 	/System/Library/Frameworks/ImageIO.framework/Versions/A/Resources/libJPEG.dylib
0x000000000121a000 	/System/Library/Frameworks/ImageIO.framework/Versions/A/Resources/libTIFF.dylib
0x000000000121a000 	/System/Library/Frameworks/ImageIO.framework/Versions/A/Resources/libPng.dylib
0x000000000121a000 	/System/Library/Frameworks/ImageIO.framework/Versions/A/Resources/libGIF.dylib
0x000000000121a000 	/System/Library/Frameworks/ImageIO.framework/Versions/A/Resources/libJP2.dylib
0x000000000121a000 	/System/Library/Frameworks/ImageIO.framework/Versions/A/Resources/libRadiance.dylib
0x000000000121a000 	/System/Library/Frameworks/CoreVideo.framework/Versions/A/CoreVideo
0x000000000121a000 	/System/Library/Frameworks/OpenGL.framework/Versions/A/Libraries/libGLU.dylib
0x000000000121a000 	/System/Library/Frameworks/OpenGL.framework/Versions/A/Libraries/libGFXShared.dylib
0x000000000121a000 	/System/Library/Frameworks/OpenGL.framework/Versions/A/Libraries/libGL.dylib
0x000000000121a000 	/System/Library/Frameworks/OpenGL.framework/Versions/A/Libraries/libGLImage.dylib
0x000000000121a000 	/System/Library/Frameworks/OpenGL.framework/Versions/A/Libraries/libCVMSPluginSupport.dylib
0x000000000121a000 	/System/Library/Frameworks/OpenGL.framework/Versions/A/Libraries/libCoreVMClient.dylib
0x000000000121a000 	/usr/lib/libcups.2.dylib
0x000000000121a000 	/System/Library/Frameworks/Kerberos.framework/Versions/A/Kerberos
0x000000000121a000 	/System/Library/Frameworks/GSS.framework/Versions/A/GSS
0x000000000121a000 	/usr/lib/libresolv.9.dylib
0x000000000121a000 	/usr/lib/libiconv.2.dylib
0x000000000121a000 	/System/Library/PrivateFrameworks/Heimdal.framework/Versions/A/Heimdal
0x000000000121a000 	/usr/lib/libheimdal-asn1.dylib
0x000000000121a000 	/System/Library/Frameworks/OpenDirectory.framework/Versions/A/OpenDirectory
0x000000000121a000 	/System/Library/PrivateFrameworks/CommonAuth.framework/Versions/A/CommonAuth
0x000000000121a000 	/System/Library/Frameworks/OpenDirectory.framework/Versions/A/Frameworks/CFOpenDirectory.framework/Versions/A/CFOpenDirectory
0x000000000121a000 	/System/Library/Frameworks/SecurityFoundation.framework/Versions/A/SecurityFoundation
0x000000000121a000 	/System/Library/PrivateFrameworks/LanguageModeling.framework/Versions/A/LanguageModeling
0x000000000121a000 	/usr/lib/libmarisa.dylib
0x000000000121a000 	/usr/lib/libChineseTokenizer.dylib
0x000000000121a000 	/usr/lib/libcmph.dylib
0x000000000121a000 	/usr/lib/libcompression.dylib
0x000000000121a000 	/System/Library/Frameworks/ServiceManagement.framework/Versions/A/ServiceManagement
0x000000000121a000 	/usr/lib/libxslt.1.dylib
0x000000000121a000 	/System/Library/Frameworks/Carbon.framework/Versions/A/Frameworks/Ink.framework/Versions/A/Ink
0x000000000121a000 	/usr/lib/libFosl_dynamic.dylib
0x000000000121a000 	/System/Library/PrivateFrameworks/FaceCore.framework/Versions/A/FaceCore
0x000000000121a000 	/System/Library/Frameworks/OpenCL.framework/Versions/A/OpenCL
0x000000000121a000 	/System/Library/PrivateFrameworks/CrashReporterSupport.framework/Versions/A/CrashReporterSupport
0x000000000121a000 	/System/Library/PrivateFrameworks/IconServices.framework/Versions/A/IconServices
0x000000000121a000 	/System/Library/PrivateFrameworks/Apple80211.framework/Versions/A/Apple80211
0x000000000121a000 	/System/Library/Frameworks/CoreWLAN.framework/Versions/A/CoreWLAN
0x000000000121a000 	/System/Library/Frameworks/IOBluetooth.framework/Versions/A/IOBluetooth
0x000000000121a000 	/System/Library/PrivateFrameworks/CoreWiFi.framework/Versions/A/CoreWiFi
0x000000000121a000 	/System/Library/Frameworks/CoreBluetooth.framework/Versions/A/CoreBluetooth
0x000000000121a000 	/System/Library/PrivateFrameworks/ChunkingLibrary.framework/Versions/A/ChunkingLibrary
0x000000000121a000 	/System/Library/PrivateFrameworks/DebugSymbols.framework/Versions/A/DebugSymbols
0x000000000121a000 	/System/Library/PrivateFrameworks/CoreSymbolication.framework/Versions/A/CoreSymbolication
0x000000000121a000 	/System/Library/PrivateFrameworks/Symbolication.framework/Versions/A/Symbolication
0x000000000121a000 	/System/Library/PrivateFrameworks/SpeechRecognitionCore.framework/Versions/A/SpeechRecognitionCore
0x0000000100e00000 	/Applications/Android Studio.app/Contents/jre/jdk/Contents/Home/jre/lib/server/libjvm.dylib
0x000000000121a000 	/usr/lib/libstdc++.6.dylib
0x00000001004f3000 	/Applications/Android Studio.app/Contents/jre/jdk/Contents/Home/jre/lib/libverify.dylib
0x00000001004ff000 	/Applications/Android Studio.app/Contents/jre/jdk/Contents/Home/jre/lib/libjava.dylib
0x000000010053d000 	/Applications/Android Studio.app/Contents/jre/jdk/Contents/Home/jre/lib/libzip.dylib
0x0000000116331000 	/Applications/Android Studio.app/Contents/jre/jdk/Contents/Home/jre/lib/libnet.dylib
0x00000001163cb000 	/Applications/Android Studio.app/Contents/jre/jdk/Contents/Home/jre/lib/libnio.dylib
0x0000000116512000 	/Users/chhekur/.gradle/native/25/osx-amd64/libnative-platform.dylib
0x0000000116997000 	/Applications/Android Studio.app/Contents/jre/jdk/Contents/Home/jre/lib/libmanagement.dylib

VM Arguments:
jvm_args: -Xmx1536m -Dfile.encoding=UTF-8 -Duser.country=US -Duser.language=en -Duser.variant 
java_command: org.gradle.launcher.daemon.bootstrap.GradleDaemon 4.4
java_class_path (initial): /Users/chhekur/.gradle/wrapper/dists/gradle-4.4-all/9br9xq1tocpiv8o6njlyu5op1/gradle-4.4/lib/gradle-launcher-4.4.jar
Launcher Type: SUN_STANDARD

Environment Variables:
PATH=/usr/local/bin:/usr/bin:/bin:/usr/sbin:/sbin
SHELL=/bin/bash

Signal Handlers:
SIGSEGV: [libjvm.dylib+0x53f567], sa_mask[0]=11111111011111110111111111111111, sa_flags=SA_ONSTACK|SA_RESTART|SA_SIGINFO
SIGBUS: [libjvm.dylib+0x53f567], sa_mask[0]=11111111011111110111111111111111, sa_flags=SA_RESTART|SA_SIGINFO
SIGFPE: [libjvm.dylib+0x437adf], sa_mask[0]=11111111011111110111111111111111, sa_flags=SA_RESTART|SA_SIGINFO
SIGPIPE: [libjvm.dylib+0x437adf], sa_mask[0]=11111111011111110111111111111111, sa_flags=SA_RESTART|SA_SIGINFO
SIGXFSZ: [libjvm.dylib+0x437adf], sa_mask[0]=11111111011111110111111111111111, sa_flags=SA_RESTART|SA_SIGINFO
SIGILL: [libjvm.dylib+0x437adf], sa_mask[0]=11111111011111110111111111111111, sa_flags=SA_RESTART|SA_SIGINFO
SIGUSR1: SIG_DFL, sa_mask[0]=00000000000000000000000000000000, sa_flags=none
SIGUSR2: [libjvm.dylib+0x438404], sa_mask[0]=00100000000000000000000000000000, sa_flags=SA_RESTART|SA_SIGINFO
SIGHUP: [libjvm.dylib+0x4365f9], sa_mask[0]=11111111011111110111111111111111, sa_flags=SA_RESTART|SA_SIGINFO
SIGINT: [libjvm.dylib+0x4365f9], sa_mask[0]=11111111011111110111111111111111, sa_flags=SA_RESTART|SA_SIGINFO
SIGTERM: [libjvm.dylib+0x4365f9], sa_mask[0]=11111111011111110111111111111111, sa_flags=SA_RESTART|SA_SIGINFO
SIGQUIT: [libjvm.dylib+0x4365f9], sa_mask[0]=11111111011111110111111111111111, sa_flags=SA_RESTART|SA_SIGINFO


---------------  S Y S T E M  ---------------

OS:Bsduname:Darwin 15.0.0 Darwin Kernel Version 15.0.0: Wed Aug 26 16:57:32 PDT 2015; root:xnu-3247.1.106~1/RELEASE_X86_64 x86_64
rlimit: STACK 8192k, CORE 0k, NPROC 709, NOFILE 10240, AS infinity
load average:2.18 2.13 1.88

CPU:total 4 (initial active 4) (4 cores per cpu, 1 threads per core) family 6 model 42 stepping 7, cmov, cx8, fxsr, mmx, sse, sse2, sse3, ssse3, sse4.1, sse4.2, popcnt, avx, aes, clmul, tsc, tscinvbit

Memory: 4k page, physical 10485760k(1174688k free)

/proc/meminfo:


vm_info: OpenJDK 64-Bit Server VM (25.152-b01) for bsd-amd64 JRE (1.8.0_152-release-1024-b01), built by "builder" with gcc 4.2.1 Compatible Apple LLVM 8.1.0 (clang-802.0.42)

time: Tue Apr  2 14:53:37 2019
elapsed time: 2 seconds (0d 0h 0m 2s)

