#
# A fatal error has been detected by the Java Runtime Environment:
#
#  SIGSEGV (0xb) at pc=0x000000010a74cf8d, pid=1430, tid=0x0000000000002c03
#
# JRE version: OpenJDK Runtime Environment (8.0_152-b01) (build 1.8.0_152-release-1024-b01)
# Java VM: OpenJDK 64-Bit Server VM (25.152-b01 mixed mode bsd-amd64 compressed oops)
# Problematic frame:
# V  [libjvm.dylib+0x4d8f8d]
#
# Failed to write core dump. Core dumps have been disabled. To enable core dumping, try "ulimit -c unlimited" before starting Java again
#
# If you would like to submit a bug report, please visit:
#   http://bugreport.java.com/bugreport/crash.jsp
#

---------------  T H R E A D  ---------------

Current thread (0x00007f918b809000):  VMThread [stack: 0x0000700000629000,0x0000700000729000] [id=11267]

siginfo: si_signo: 11 (SIGSEGV), si_code: 1 (SEGV_MAPERR), si_addr: 0x0000008000000008

Registers:
RAX=0x0000000000000002, RBX=0x0000008000000000, RCX=0x0000000000000002, RDX=0x00000000000258e0
RSP=0x00007000007286e0, RBP=0x0000700000728720, RSI=0x000000000000056f, RDI=0x00007f918b110f40
R8 =0x0000000000000004, R9 =0x0000000000000000, R10=0x0000000000000005, R11=0x00007f918e300000
R12=0x0000700000728730, R13=0x000000010aa429e0, R14=0x0000700000728750, R15=0x00007f918baabf10
RIP=0x000000010a74cf8d, EFLAGS=0x0000000000010206, ERR=0x0000000000000004
  TRAPNO=0x000000000000000e

Top of Stack: (sp=0x00007000007286e0)
0x00007000007286e0:   0000700000728730 000000000000056f
0x00007000007286f0:   00004e2b0aa2f6b0 0000700000728730
0x0000700000728700:   0000700000728830 000000010aa6c340
0x0000700000728710:   00007000007287c8 0000700000728830
0x0000700000728720:   0000700000728770 000000010a74d059
0x0000700000728730:   0000000900001e80 00007f918d2dd588
0x0000700000728740:   00007f918f819fd0 0000000000000000
0x0000700000728750:   000000000000e7a0 00007000007287c8
0x0000700000728760:   0000000000000000 00007000007287e8
0x0000700000728770:   0000700000728880 000000010a6e53b8
0x0000700000728780:   000000010a818226 000000010a6e0100
0x0000700000728790:   000000010aa6c248 00000001854be84f
0x00007000007287a0:   000000010aa30eb0 00007f9100000004
0x00007000007287b0:   00007f918a601cc0 0000000000000004
0x00007000007287c0:   00007000007287d0 0000000000000000
0x00007000007287d0:   00000000000001c2 000000000000005d
0x00007000007287e0:   0000000000000002 000000010a7eae4f
0x00007000007287f0:   0000700000720100 000000010aa6c248
0x0000700000728800:   0000000186139874 000000010aa2f248
0x0000700000728810:   0000700000183900 00007f918a602200
0x0000700000728820:   000000010aa2f230 00007f918a602200
0x0000700000728830:   0000000000000000 00000000000001c2
0x0000700000728840:   000000000000005d 0000000000000002
0x0000700000728850:   0000700000728860 0000000000000000
0x0000700000728860:   00007f918a706160 00007f918a601840
0x0000700000728870:   0000000000000000 0000700000728970
0x0000700000728880:   0000700000728ae0 000000010a6e4911
0x0000700000728890:   00007f918a700100 0000000000000000
0x00007000007288a0:   0000000000000000 0000000000000000
0x00007000007288b0:   00007f918a415bc0 00000001854a9800
0x00007000007288c0:   0000700000728a28 00007f918a600100
0x00007000007288d0:   0000000000000000 0000000000000000 

Instructions: (pc=0x000000010a74cf8d)
0x000000010a74cf6d:   5f fd 31 00 48 8b 40 08 48 89 ce 48 89 75 c8 48
0x000000010a74cf7d:   8b 1c c8 48 85 db 74 77 48 8b 4d c8 4c 8d 3c c8
0x000000010a74cf8d:   f6 43 08 01 74 0d 48 8d 05 de 1b 30 00 8b 00 85
0x000000010a74cf9d:   c0 74 5c 48 8b 7b 10 0f b7 07 83 c0 0f c1 e8 03 

Register to memory mapping:

RAX=0x0000000000000002 is an unknown value
RBX=0x0000008000000000 is an unknown value
RCX=0x0000000000000002 is an unknown value
RDX=0x00000000000258e0 is an unknown value
RSP=0x00007000007286e0 is an unknown value
RBP=0x0000700000728720 is an unknown value
RSI=0x000000000000056f is an unknown value
RDI=0x00007f918b110f40 is an unknown value
R8 =0x0000000000000004 is an unknown value
R9 =0x0000000000000000 is an unknown value
R10=0x0000000000000005 is an unknown value
R11=0x00007f918e300000 is an unknown value
R12=0x0000700000728730 is an unknown value
R13=0x000000010aa429e0: MinObjAlignment+0 in /Applications/Android Studio.app/Contents/jre/jdk/Contents/Home/jre/lib/server/libjvm.dylib at 0x000000010a274000
R14=0x0000700000728750 is an unknown value
R15=0x00007f918baabf10 is an unknown value


Stack: [0x0000700000629000,0x0000700000729000],  sp=0x00007000007286e0,  free space=1021k
Native frames: (J=compiled Java code, j=interpreted, Vv=VM code, C=native code)
V  [libjvm.dylib+0x4d8f8d]
V  [libjvm.dylib+0x4d9059]
V  [libjvm.dylib+0x4713b8]
V  [libjvm.dylib+0x470911]
V  [libjvm.dylib+0x470516]
V  [libjvm.dylib+0x18695f]
V  [libjvm.dylib+0x53fbea]
V  [libjvm.dylib+0x54f99e]
V  [libjvm.dylib+0x54f33a]
V  [libjvm.dylib+0x54ed62]
V  [libjvm.dylib+0x54eb97]
V  [libjvm.dylib+0x435709]
C  [libsystem_pthread.dylib+0x39b1]  _pthread_body+0x83
C  [libsystem_pthread.dylib+0x392e]  _pthread_body+0x0
C  [libsystem_pthread.dylib+0x1385]  thread_start+0xd

VM_Operation (0x0000700001650018): CollectForMetadataAllocation, mode: safepoint, requested by thread 0x00007f918b2b9000


---------------  P R O C E S S  ---------------

Java Threads: ( => current thread )
  0x00007f91901df000 JavaThread "Memory manager" [_thread_blocked, id=27907, stack(0x000070000207a000,0x000070000217a000)]
  0x00007f918c88c800 JavaThread "build operations Thread 4" [_thread_blocked, id=27395, stack(0x0000700001f77000,0x0000700002077000)]
  0x00007f918d3ee800 JavaThread "build operations Thread 3" [_thread_blocked, id=26883, stack(0x0000700001e74000,0x0000700001f74000)]
  0x00007f918b66f800 JavaThread "build operations Thread 2" [_thread_blocked, id=26371, stack(0x0000700001d71000,0x0000700001e71000)]
  0x00007f918b6c7800 JavaThread "build operations" [_thread_blocked, id=25859, stack(0x0000700001c6e000,0x0000700001d6e000)]
  0x00007f918d37c800 JavaThread "Cache worker for Artifact transforms cache (/Users/chhekur/.gradle/caches/transforms-1)" [_thread_blocked, id=25347, stack(0x0000700001b6b000,0x0000700001c6b000)]
  0x00007f918aaa9800 JavaThread "Cache worker for file hash cache (/Users/chhekur/Desktop/nodejs-mobile-samples-master/android/native-gradle/.gradle/4.4/fileHashes)" [_thread_blocked, id=24835, stack(0x0000700001a68000,0x0000700001b68000)]
  0x00007f918bbec800 JavaThread "File lock request listener" [_thread_in_native, id=24323, stack(0x0000700001965000,0x0000700001a65000)]
  0x00007f918b2cc800 JavaThread "Cache worker for file hash cache (/Users/chhekur/.gradle/caches/4.4/fileHashes)" [_thread_blocked, id=23811, stack(0x0000700001862000,0x0000700001962000)]
  0x00007f918c29b800 JavaThread "Stdin handler" [_thread_blocked, id=23299, stack(0x000070000175f000,0x000070000185f000)]
  0x00007f918b2bb800 JavaThread "Asynchronous log dispatcher for DefaultDaemonConnection: socket connection from /127.0.0.1:57208 to /127.0.0.1:57209" [_thread_blocked, id=22787, stack(0x000070000165c000,0x000070000175c000)]
  0x00007f918b2b9000 JavaThread "Daemon worker" [_thread_blocked, id=22275, stack(0x0000700001559000,0x0000700001659000)]
  0x00007f918aa2f800 JavaThread "Cancel handler" [_thread_blocked, id=21763, stack(0x0000700001456000,0x0000700001556000)]
  0x00007f918b2a9000 JavaThread "Handler for socket connection from /127.0.0.1:57208 to /127.0.0.1:57209" [_thread_in_native, id=21251, stack(0x0000700001353000,0x0000700001453000)]
  0x00007f918b282800 JavaThread "Daemon" [_thread_blocked, id=20739, stack(0x0000700001250000,0x0000700001350000)]
  0x00007f918bb42800 JavaThread "Daemon periodic checks" [_thread_blocked, id=20227, stack(0x000070000114d000,0x000070000124d000)]
  0x00007f918aa70800 JavaThread "Incoming local TCP Connector on port 57208" [_thread_in_native, id=19715, stack(0x000070000104a000,0x000070000114a000)]
  0x00007f918c06c000 JavaThread "Service Thread" daemon [_thread_blocked, id=18691, stack(0x0000700000e44000,0x0000700000f44000)]
  0x00007f918b816000 JavaThread "C1 CompilerThread2" daemon [_thread_blocked, id=18179, stack(0x0000700000d41000,0x0000700000e41000)]
  0x00007f918a864800 JavaThread "C2 CompilerThread1" daemon [_thread_blocked, id=17667, stack(0x0000700000c3e000,0x0000700000d3e000)]
  0x00007f918a818800 JavaThread "C2 CompilerThread0" daemon [_thread_in_native, id=17155, stack(0x0000700000b3b000,0x0000700000c3b000)]
  0x00007f918c06b000 JavaThread "Signal Dispatcher" daemon [_thread_blocked, id=14099, stack(0x0000700000a38000,0x0000700000b38000)]
  0x00007f918b003800 JavaThread "Finalizer" daemon [_thread_blocked, id=12291, stack(0x000070000082f000,0x000070000092f000)]
  0x00007f918b80d800 JavaThread "Reference Handler" daemon [_thread_blocked, id=11779, stack(0x000070000072c000,0x000070000082c000)]
  0x00007f918c001800 JavaThread "main" [_thread_blocked, id=4099, stack(0x0000700000084000,0x0000700000184000)]

Other Threads:
=>0x00007f918b809000 VMThread [stack: 0x0000700000629000,0x0000700000729000] [id=11267]
  0x00007f918b005800 WatcherThread [stack: 0x0000700000f47000,0x0000700001047000] [id=19203]

VM state:at safepoint (normal execution)

VM Mutex/Monitor currently owned by a thread:  ([mutex/lock_event])
[0x00007f918a418550] Threads_lock - owner thread: 0x00007f918b809000
[0x00007f918a418a50] Heap_lock - owner thread: 0x00007f918b2b9000

Heap:
 PSYoungGen      total 124928K, used 10737K [0x00000007a0000000, 0x00000007a8880000, 0x00000007c0000000)
  eden space 114176K, 0% used [0x00000007a0000000,0x00000007a0000000,0x00000007a6f80000)
  from space 10752K, 99% used [0x00000007a7d00000,0x00000007a877c7e0,0x00000007a8780000)
  to   space 12800K, 0% used [0x00000007a6f80000,0x00000007a6f80000,0x00000007a7c00000)
 ParOldGen       total 75776K, used 11749K [0x0000000760000000, 0x0000000764a00000, 0x00000007a0000000)
  object space 75776K, 15% used [0x0000000760000000,0x0000000760b79790,0x0000000764a00000)
 Metaspace       used 34493K, capacity 35094K, committed 35416K, reserved 1079296K
  class space    used 4786K, capacity 4977K, committed 4992K, reserved 1048576K

Card table byte_map: [0x000000011a9c0000,0x000000011acc1000] byte_map_base: 0x0000000116ec0000

Marking Bits: (ParMarkBitMap*) 0x000000010aa6c1c8
 Begin Bits: [0x000000011aec1000, 0x000000011c6c1000)
 End Bits:   [0x000000011c6c1000, 0x000000011dec1000)

Polling page: 0x000000010ad1c000

CodeCache: size=245760Kb used=9946Kb max_used=9957Kb free=235813Kb
 bounds [0x000000010b600000, 0x000000010bfd0000, 0x000000011a600000]
 total_blobs=3566 nmethods=2861 adapters=619
 compilation: enabled

Compilation events (10 events):
Event: 6.500 Thread 0x00007f918b816000 2901       3       com.google.common.collect.ImmutableCollection$ArrayBasedBuilder::ensureCapacity (30 bytes)
Event: 6.500 Thread 0x00007f918b816000 nmethod 2901 0x000000010bfb9950 code [0x000000010bfb9b20, 0x000000010bfba358]
Event: 6.500 Thread 0x00007f918b816000 2903       3       org.apache.commons.lang.builder.HashCodeBuilder::append (241 bytes)
Event: 6.501 Thread 0x00007f918b816000 nmethod 2903 0x000000010bfba790 code [0x000000010bfbaa60, 0x000000010bfbc368]
Event: 6.501 Thread 0x00007f918b816000 2904       3       com.google.common.collect.FluentIterable::<init> (10 bytes)
Event: 6.501 Thread 0x00007f918b816000 nmethod 2904 0x000000010bfb9550 code [0x000000010bfb96c0, 0x000000010bfb9890]
Event: 6.501 Thread 0x00007f918a864800 2905       4       java.lang.reflect.Modifier::isPrivate (12 bytes)
Event: 6.501 Thread 0x00007f918a864800 nmethod 2905 0x000000010bfa5c10 code [0x000000010bfa5d40, 0x000000010bfa5d98]
Event: 6.502 Thread 0x00007f918a864800 2906       4       java.util.regex.Pattern$Single::isSatisfiedBy (14 bytes)
Event: 6.502 Thread 0x00007f918a864800 nmethod 2906 0x000000010bfb1010 code [0x000000010bfb1160, 0x000000010bfb11d8]

GC Heap History (10 events):
Event: 1.731 GC heap after
Heap after GC invocations=3 (full 0):
 PSYoungGen      total 47616K, used 6625K [0x00000007a0000000, 0x00000007a5d00000, 0x00000007c0000000)
  eden space 40960K, 0% used [0x00000007a0000000,0x00000007a0000000,0x00000007a2800000)
  from space 6656K, 99% used [0x00000007a2800000,0x00000007a2e78628,0x00000007a2e80000)
  to   space 6656K, 0% used [0x00000007a5680000,0x00000007a5680000,0x00000007a5d00000)
 ParOldGen       total 109568K, used 2283K [0x0000000760000000, 0x0000000766b00000, 0x00000007a0000000)
  object space 109568K, 2% used [0x0000000760000000,0x000000076023ac10,0x0000000766b00000)
 Metaspace       used 16331K, capacity 16684K, committed 16896K, reserved 1062912K
  class space    used 2366K, capacity 2478K, committed 2560K, reserved 1048576K
}
Event: 2.296 GC heap before
{Heap before GC invocations=4 (full 0):
 PSYoungGen      total 47616K, used 31131K [0x00000007a0000000, 0x00000007a5d00000, 0x00000007c0000000)
  eden space 40960K, 59% used [0x00000007a0000000,0x00000007a17ee678,0x00000007a2800000)
  from space 6656K, 99% used [0x00000007a2800000,0x00000007a2e78628,0x00000007a2e80000)
  to   space 6656K, 0% used [0x00000007a5680000,0x00000007a5680000,0x00000007a5d00000)
 ParOldGen       total 109568K, used 2283K [0x0000000760000000, 0x0000000766b00000, 0x00000007a0000000)
  object space 109568K, 2% used [0x0000000760000000,0x000000076023ac10,0x0000000766b00000)
 Metaspace       used 20750K, capacity 21102K, committed 21248K, reserved 1067008K
  class space    used 2919K, capacity 3069K, committed 3072K, reserved 1048576K
Event: 2.317 GC heap after
Heap after GC invocations=4 (full 0):
 PSYoungGen      total 88576K, used 6640K [0x00000007a0000000, 0x00000007a5d00000, 0x00000007c0000000)
  eden space 81920K, 0% used [0x00000007a0000000,0x00000007a0000000,0x00000007a5000000)
  from space 6656K, 99% used [0x00000007a5680000,0x00000007a5cfc060,0x00000007a5d00000)
  to   space 6656K, 0% used [0x00000007a5000000,0x00000007a5000000,0x00000007a5680000)
 ParOldGen       total 109568K, used 4849K [0x0000000760000000, 0x0000000766b00000, 0x00000007a0000000)
  object space 109568K, 4% used [0x0000000760000000,0x00000007604bc6d8,0x0000000766b00000)
 Metaspace       used 20750K, capacity 21102K, committed 21248K, reserved 1067008K
  class space    used 2919K, capacity 3069K, committed 3072K, reserved 1048576K
}
Event: 2.317 GC heap before
{Heap before GC invocations=5 (full 1):
 PSYoungGen      total 88576K, used 6640K [0x00000007a0000000, 0x00000007a5d00000, 0x00000007c0000000)
  eden space 81920K, 0% used [0x00000007a0000000,0x00000007a0000000,0x00000007a5000000)
  from space 6656K, 99% used [0x00000007a5680000,0x00000007a5cfc060,0x00000007a5d00000)
  to   space 6656K, 0% used [0x00000007a5000000,0x00000007a5000000,0x00000007a5680000)
 ParOldGen       total 109568K, used 4849K [0x0000000760000000, 0x0000000766b00000, 0x00000007a0000000)
  object space 109568K, 4% used [0x0000000760000000,0x00000007604bc6d8,0x0000000766b00000)
 Metaspace       used 20750K, capacity 21102K, committed 21248K, reserved 1067008K
  class space    used 2919K, capacity 3069K, committed 3072K, reserved 1048576K
Event: 2.369 GC heap after
Heap after GC invocations=5 (full 1):
 PSYoungGen      total 88576K, used 0K [0x00000007a0000000, 0x00000007a5d00000, 0x00000007c0000000)
  eden space 81920K, 0% used [0x00000007a0000000,0x00000007a0000000,0x00000007a5000000)
  from space 6656K, 0% used [0x00000007a5680000,0x00000007a5680000,0x00000007a5d00000)
  to   space 6656K, 0% used [0x00000007a5000000,0x00000007a5000000,0x00000007a5680000)
 ParOldGen       total 75776K, used 9009K [0x0000000760000000, 0x0000000764a00000, 0x00000007a0000000)
  object space 75776K, 11% used [0x0000000760000000,0x00000007608cc640,0x0000000764a00000)
 Metaspace       used 20750K, capacity 21102K, committed 21248K, reserved 1067008K
  class space    used 2919K, capacity 3069K, committed 3072K, reserved 1048576K
}
Event: 3.963 GC heap before
{Heap before GC invocations=6 (full 1):
 PSYoungGen      total 88576K, used 81920K [0x00000007a0000000, 0x00000007a5d00000, 0x00000007c0000000)
  eden space 81920K, 100% used [0x00000007a0000000,0x00000007a5000000,0x00000007a5000000)
  from space 6656K, 0% used [0x00000007a5680000,0x00000007a5680000,0x00000007a5d00000)
  to   space 6656K, 0% used [0x00000007a5000000,0x00000007a5000000,0x00000007a5680000)
 ParOldGen       total 75776K, used 9009K [0x0000000760000000, 0x0000000764a00000, 0x00000007a0000000)
  object space 75776K, 11% used [0x0000000760000000,0x00000007608cc640,0x0000000764a00000)
 Metaspace       used 27224K, capacity 27726K, committed 28160K, reserved 1073152K
  class space    used 3822K, capacity 3988K, committed 4096K, reserved 1048576K
Event: 3.982 GC heap after
Heap after GC invocations=6 (full 1):
 PSYoungGen      total 88576K, used 6651K [0x00000007a0000000, 0x00000007a8780000, 0x00000007c0000000)
  eden space 81920K, 0% used [0x00000007a0000000,0x00000007a0000000,0x00000007a5000000)
  from space 6656K, 99% used [0x00000007a5000000,0x00000007a567ee10,0x00000007a5680000)
  to   space 10752K, 0% used [0x00000007a7d00000,0x00000007a7d00000,0x00000007a8780000)
 ParOldGen       total 75776K, used 10533K [0x0000000760000000, 0x0000000764a00000, 0x00000007a0000000)
  object space 75776K, 13% used [0x0000000760000000,0x0000000760a49670,0x0000000764a00000)
 Metaspace       used 27224K, capacity 27726K, committed 28160K, reserved 1073152K
  class space    used 3822K, capacity 3988K, committed 4096K, reserved 1048576K
}
Event: 6.513 GC heap before
{Heap before GC invocations=7 (full 1):
 PSYoungGen      total 88576K, used 82598K [0x00000007a0000000, 0x00000007a8780000, 0x00000007c0000000)
  eden space 81920K, 92% used [0x00000007a0000000,0x00000007a4a2ab58,0x00000007a5000000)
  from space 6656K, 99% used [0x00000007a5000000,0x00000007a567ee10,0x00000007a5680000)
  to   space 10752K, 0% used [0x00000007a7d00000,0x00000007a7d00000,0x00000007a8780000)
 ParOldGen       total 75776K, used 10533K [0x0000000760000000, 0x0000000764a00000, 0x00000007a0000000)
  object space 75776K, 13% used [0x0000000760000000,0x0000000760a49670,0x0000000764a00000)
 Metaspace       used 34493K, capacity 35094K, committed 35416K, reserved 1079296K
  class space    used 4786K, capacity 4977K, committed 4992K, reserved 1048576K
Event: 6.531 GC heap after
Heap after GC invocations=7 (full 1):
 PSYoungGen      total 124928K, used 10737K [0x00000007a0000000, 0x00000007a8880000, 0x00000007c0000000)
  eden space 114176K, 0% used [0x00000007a0000000,0x00000007a0000000,0x00000007a6f80000)
  from space 10752K, 99% used [0x00000007a7d00000,0x00000007a877c7e0,0x00000007a8780000)
  to   space 12800K, 0% used [0x00000007a6f80000,0x00000007a6f80000,0x00000007a7c00000)
 ParOldGen       total 75776K, used 11749K [0x0000000760000000, 0x0000000764a00000, 0x00000007a0000000)
  object space 75776K, 15% used [0x0000000760000000,0x0000000760b79790,0x0000000764a00000)
 Metaspace       used 34493K, capacity 35094K, committed 35416K, reserved 1079296K
  class space    used 4786K, capacity 4977K, committed 4992K, reserved 1048576K
}
Event: 6.531 GC heap before
{Heap before GC invocations=8 (full 2):
 PSYoungGen      total 124928K, used 10737K [0x00000007a0000000, 0x00000007a8880000, 0x00000007c0000000)
  eden space 114176K, 0% used [0x00000007a0000000,0x00000007a0000000,0x00000007a6f80000)
  from space 10752K, 99% used [0x00000007a7d00000,0x00000007a877c7e0,0x00000007a8780000)
  to   space 12800K, 0% used [0x00000007a6f80000,0x00000007a6f80000,0x00000007a7c00000)
 ParOldGen       total 75776K, used 11749K [0x0000000760000000, 0x0000000764a00000, 0x00000007a0000000)
  object space 75776K, 15% used [0x0000000760000000,0x0000000760b79790,0x0000000764a00000)
 Metaspace       used 34493K, capacity 35094K, committed 35416K, reserved 1079296K
  class space    used 4786K, capacity 4977K, committed 4992K, reserved 1048576K

Deoptimization events (10 events):
Event: 4.942 Thread 0x00007f918b2b9000 Uncommon trap: reason=unstable_if action=reinterpret pc=0x000000010b893810 method=java.util.jar.JarFile.match([C[B[I[I)Z @ 29
Event: 5.290 Thread 0x00007f918b2b9000 Uncommon trap: reason=unstable_if action=reinterpret pc=0x000000010bd35bfc method=java.net.URLClassLoader.isSealed(Ljava/lang/String;Ljava/util/jar/Manifest;)Z @ 26
Event: 5.291 Thread 0x00007f918b2b9000 Uncommon trap: reason=unstable_if action=reinterpret pc=0x000000010bd06b0c method=java.net.URLClassLoader.isSealed(Ljava/lang/String;Ljava/util/jar/Manifest;)Z @ 26
Event: 5.782 Thread 0x00007f918b2b9000 Uncommon trap: reason=class_check action=maybe_recompile pc=0x000000010be16b38 method=java.io.BufferedInputStream.read1([BII)I @ 39
Event: 5.786 Thread 0x00007f918b2b9000 Uncommon trap: reason=class_check action=maybe_recompile pc=0x000000010be16b38 method=java.io.BufferedInputStream.read1([BII)I @ 39
Event: 5.786 Thread 0x00007f918b2b9000 Uncommon trap: reason=class_check action=maybe_recompile pc=0x000000010be16b38 method=java.io.BufferedInputStream.read1([BII)I @ 39
Event: 5.788 Thread 0x00007f918b2b9000 Uncommon trap: reason=unstable_if action=reinterpret pc=0x000000010bd64830 method=java.util.regex.Pattern.has(I)Z @ 6
Event: 5.860 Thread 0x00007f918b2b9000 Uncommon trap: reason=class_check action=maybe_recompile pc=0x000000010be16b38 method=java.io.BufferedInputStream.read1([BII)I @ 39
Event: 5.860 Thread 0x00007f918b2b9000 Uncommon trap: reason=class_check action=maybe_recompile pc=0x000000010bd6a738 method=java.io.BufferedInputStream.read1([BII)I @ 39
Event: 6.375 Thread 0x00007f918b2b9000 Uncommon trap: reason=unstable_if action=reinterpret pc=0x000000010bc42ad0 method=sun.misc.MetaIndex.mayContain(Ljava/lang/String;)Z @ 38

Classes redefined (0 events):
No events

Internal exceptions (10 events):
Event: 5.419 Thread 0x00007f918b2b9000 Exception <a 'java/lang/ClassNotFoundException': org/gradle/api/internal/AbstractTaskBeanInfo> (0x00000007a28e3fd8) thrown at [/Volumes/android/AOSP-openjdk-git/jdk8u/hotspot/src/share/vm/classfile/systemDictionary.cpp, line 210]
Event: 5.420 Thread 0x00007f918b2b9000 Exception <a 'java/lang/ClassNotFoundException': org/gradle/api/internal/AbstractTaskCustomizer> (0x00000007a290d428) thrown at [/Volumes/android/AOSP-openjdk-git/jdk8u/hotspot/src/share/vm/classfile/systemDictionary.cpp, line 210]
Event: 5.424 Thread 0x00007f918b2b9000 Exception <a 'java/lang/ClassNotFoundException': org/gradle/api/DefaultTaskCustomizer> (0x00000007a2994710) thrown at [/Volumes/android/AOSP-openjdk-git/jdk8u/hotspot/src/share/vm/classfile/systemDictionary.cpp, line 210]
Event: 5.425 Thread 0x00007f918b2b9000 Exception <a 'java/lang/ClassNotFoundException': org/gradle/api/internal/ConventionTaskCustomizer> (0x00000007a29cd390) thrown at [/Volumes/android/AOSP-openjdk-git/jdk8u/hotspot/src/share/vm/classfile/systemDictionary.cpp, line 210]
Event: 5.427 Thread 0x00007f918b2b9000 Exception <a 'java/lang/ClassNotFoundException': org/gradle/api/tasks/DeleteCustomizer> (0x00000007a2a04140) thrown at [/Volumes/android/AOSP-openjdk-git/jdk8u/hotspot/src/share/vm/classfile/systemDictionary.cpp, line 210]
Event: 5.428 Thread 0x00007f918b2b9000 Exception <a 'java/lang/ClassNotFoundException': org/gradle/api/tasks/Delete_DecoratedCustomizer> (0x00000007a2a486b0) thrown at [/Volumes/android/AOSP-openjdk-git/jdk8u/hotspot/src/share/vm/classfile/systemDictionary.cpp, line 210]
Event: 5.547 Thread 0x00007f918b2b9000 Exception <a 'java/lang/ClassNotFoundException': build_7b4eiiykgbn0s6eawxpeaogfBeanInfo> (0x00000007a2b69ae0) thrown at [/Volumes/android/AOSP-openjdk-git/jdk8u/hotspot/src/share/vm/classfile/systemDictionary.cpp, line 210]
Event: 5.547 Thread 0x00007f918b2b9000 Exception <a 'java/lang/ClassNotFoundException': build_7b4eiiykgbn0s6eawxpeaogfCustomizer> (0x00000007a2b74710) thrown at [/Volumes/android/AOSP-openjdk-git/jdk8u/hotspot/src/share/vm/classfile/systemDictionary.cpp, line 210]
Event: 5.551 Thread 0x00007f918b2b9000 Exception <a 'java/lang/ClassNotFoundException': org/gradle/api/internal/plugins/DefaultObjectConfigurationActionBeanInfo> (0x00000007a2bd8a20) thrown at [/Volumes/android/AOSP-openjdk-git/jdk8u/hotspot/src/share/vm/classfile/systemDictionary.cpp, line 21
Event: 5.552 Thread 0x00007f918b2b9000 Exception <a 'java/lang/ClassNotFoundException': org/gradle/api/internal/plugins/DefaultObjectConfigurationActionCustomizer> (0x00000007a2c2f208) thrown at [/Volumes/android/AOSP-openjdk-git/jdk8u/hotspot/src/share/vm/classfile/systemDictionary.cpp, line 

Events (10 events):
Event: 6.510 loading class java/util/EnumMap$Values done
Event: 6.510 loading class java/util/EnumMap$ValueIterator
Event: 6.510 loading class java/util/EnumMap$EnumMapIterator
Event: 6.511 loading class java/util/EnumMap$EnumMapIterator done
Event: 6.511 loading class java/util/EnumMap$ValueIterator done
Event: 6.511 loading class org/gradle/model/internal/manage/schema/ModelProperty
Event: 6.511 loading class org/gradle/model/internal/manage/schema/ModelProperty done
Event: 6.513 loading class com/google/common/collect/ImmutableEnumMap$1
Event: 6.513 loading class com/google/common/collect/ImmutableEnumMap$1 done
Event: 6.513 Executing VM operation: CollectForMetadataAllocation


Dynamic libraries:
0x000000000121a000 	/System/Library/Frameworks/Cocoa.framework/Versions/A/Cocoa
0x000000000121a000 	/System/Library/Frameworks/Security.framework/Versions/A/Security
0x000000000121a000 	/System/Library/Frameworks/ApplicationServices.framework/Versions/A/ApplicationServices
0x000000000121a000 	/usr/lib/libz.1.dylib
0x000000000121a000 	/usr/lib/libSystem.B.dylib
0x000000000121a000 	/System/Library/Frameworks/CoreFoundation.framework/Versions/A/CoreFoundation
0x000000000121a000 	/System/Library/Frameworks/Foundation.framework/Versions/C/Foundation
0x000000000121a000 	/usr/lib/libobjc.A.dylib
0x000000000121a000 	/System/Library/Frameworks/AppKit.framework/Versions/C/AppKit
0x000000000121a000 	/System/Library/Frameworks/CoreData.framework/Versions/A/CoreData
0x000000000121a000 	/System/Library/PrivateFrameworks/RemoteViewServices.framework/Versions/A/RemoteViewServices
0x000000000121a000 	/System/Library/PrivateFrameworks/UIFoundation.framework/Versions/A/UIFoundation
0x000000000121a000 	/usr/lib/libScreenReader.dylib
0x000000000121a000 	/System/Library/Frameworks/Accelerate.framework/Versions/A/Accelerate
0x000000000121a000 	/System/Library/Frameworks/IOSurface.framework/Versions/A/IOSurface
0x000000000121a000 	/System/Library/Frameworks/AudioToolbox.framework/Versions/A/AudioToolbox
0x000000000121a000 	/System/Library/Frameworks/AudioUnit.framework/Versions/A/AudioUnit
0x000000000121a000 	/System/Library/PrivateFrameworks/DataDetectorsCore.framework/Versions/A/DataDetectorsCore
0x000000000121a000 	/System/Library/PrivateFrameworks/DesktopServicesPriv.framework/Versions/A/DesktopServicesPriv
0x000000000121a000 	/System/Library/Frameworks/Carbon.framework/Versions/A/Frameworks/HIToolbox.framework/Versions/A/HIToolbox
0x000000000121a000 	/System/Library/Frameworks/QuartzCore.framework/Versions/A/QuartzCore
0x000000000121a000 	/System/Library/Frameworks/Carbon.framework/Versions/A/Frameworks/SpeechRecognition.framework/Versions/A/SpeechRecognition
0x000000000121a000 	/usr/lib/libauto.dylib
0x000000000121a000 	/usr/lib/libicucore.A.dylib
0x000000000121a000 	/usr/lib/libxml2.2.dylib
0x000000000121a000 	/System/Library/PrivateFrameworks/CoreUI.framework/Versions/A/CoreUI
0x000000000121a000 	/System/Library/Frameworks/CoreAudio.framework/Versions/A/CoreAudio
0x000000000121a000 	/System/Library/Frameworks/DiskArbitration.framework/Versions/A/DiskArbitration
0x000000000121a000 	/usr/lib/liblangid.dylib
0x000000000121a000 	/System/Library/PrivateFrameworks/MultitouchSupport.framework/Versions/A/MultitouchSupport
0x000000000121a000 	/System/Library/Frameworks/IOKit.framework/Versions/A/IOKit
0x000000000121a000 	/usr/lib/libDiagnosticMessagesClient.dylib
0x000000000121a000 	/System/Library/Frameworks/CoreServices.framework/Versions/A/CoreServices
0x000000000121a000 	/System/Library/PrivateFrameworks/PerformanceAnalysis.framework/Versions/A/PerformanceAnalysis
0x000000000121a000 	/System/Library/PrivateFrameworks/GenerationalStorage.framework/Versions/A/GenerationalStorage
0x000000000121a000 	/System/Library/Frameworks/OpenGL.framework/Versions/A/OpenGL
0x000000000121a000 	/System/Library/PrivateFrameworks/Sharing.framework/Versions/A/Sharing
0x000000000121a000 	/System/Library/Frameworks/CoreGraphics.framework/Versions/A/CoreGraphics
0x000000000121a000 	/System/Library/Frameworks/CoreImage.framework/Versions/A/CoreImage
0x000000000121a000 	/System/Library/Frameworks/CoreText.framework/Versions/A/CoreText
0x000000000121a000 	/System/Library/Frameworks/ImageIO.framework/Versions/A/ImageIO
0x000000000121a000 	/System/Library/PrivateFrameworks/Backup.framework/Versions/A/Backup
0x000000000121a000 	/usr/lib/libextension.dylib
0x000000000121a000 	/usr/lib/libarchive.2.dylib
0x000000000121a000 	/System/Library/Frameworks/CFNetwork.framework/Versions/A/CFNetwork
0x000000000121a000 	/System/Library/Frameworks/SystemConfiguration.framework/Versions/A/SystemConfiguration
0x000000000121a000 	/usr/lib/libCRFSuite.dylib
0x000000000121a000 	/usr/lib/libc++.1.dylib
0x000000000121a000 	/usr/lib/libc++abi.dylib
0x000000000121a000 	/usr/lib/system/libcache.dylib
0x000000000121a000 	/usr/lib/system/libcommonCrypto.dylib
0x000000000121a000 	/usr/lib/system/libcompiler_rt.dylib
0x000000000121a000 	/usr/lib/system/libcopyfile.dylib
0x000000000121a000 	/usr/lib/system/libcorecrypto.dylib
0x000000000121a000 	/usr/lib/system/libdispatch.dylib
0x000000000121a000 	/usr/lib/system/libdyld.dylib
0x000000000121a000 	/usr/lib/system/libkeymgr.dylib
0x000000000121a000 	/usr/lib/system/liblaunch.dylib
0x000000000121a000 	/usr/lib/system/libmacho.dylib
0x000000000121a000 	/usr/lib/system/libquarantine.dylib
0x000000000121a000 	/usr/lib/system/libremovefile.dylib
0x000000000121a000 	/usr/lib/system/libsystem_asl.dylib
0x000000000121a000 	/usr/lib/system/libsystem_blocks.dylib
0x000000000121a000 	/usr/lib/system/libsystem_c.dylib
0x000000000121a000 	/usr/lib/system/libsystem_configuration.dylib
0x000000000121a000 	/usr/lib/system/libsystem_coreservices.dylib
0x000000000121a000 	/usr/lib/system/libsystem_coretls.dylib
0x000000000121a000 	/usr/lib/system/libsystem_dnssd.dylib
0x000000000121a000 	/usr/lib/system/libsystem_info.dylib
0x000000000121a000 	/usr/lib/system/libsystem_kernel.dylib
0x000000000121a000 	/usr/lib/system/libsystem_m.dylib
0x000000000121a000 	/usr/lib/system/libsystem_malloc.dylib
0x000000000121a000 	/usr/lib/system/libsystem_network.dylib
0x000000000121a000 	/usr/lib/system/libsystem_networkextension.dylib
0x000000000121a000 	/usr/lib/system/libsystem_notify.dylib
0x000000000121a000 	/usr/lib/system/libsystem_platform.dylib
0x000000000121a000 	/usr/lib/system/libsystem_pthread.dylib
0x000000000121a000 	/usr/lib/system/libsystem_sandbox.dylib
0x000000000121a000 	/usr/lib/system/libsystem_secinit.dylib
0x000000000121a000 	/usr/lib/system/libsystem_trace.dylib
0x000000000121a000 	/usr/lib/system/libunc.dylib
0x000000000121a000 	/usr/lib/system/libunwind.dylib
0x000000000121a000 	/usr/lib/system/libxpc.dylib
0x000000000121a000 	/usr/lib/libenergytrace.dylib
0x000000000121a000 	/usr/lib/libbsm.0.dylib
0x000000000121a000 	/usr/lib/system/libkxld.dylib
0x000000000121a000 	/usr/lib/libxar.1.dylib
0x000000000121a000 	/usr/lib/libsqlite3.dylib
0x000000000121a000 	/usr/lib/libpam.2.dylib
0x000000000121a000 	/usr/lib/libOpenScriptingUtil.dylib
0x000000000121a000 	/usr/lib/libbz2.1.0.dylib
0x000000000121a000 	/usr/lib/liblzma.5.dylib
0x000000000121a000 	/System/Library/Frameworks/CoreServices.framework/Versions/A/Frameworks/FSEvents.framework/Versions/A/FSEvents
0x000000000121a000 	/System/Library/Frameworks/CoreServices.framework/Versions/A/Frameworks/CarbonCore.framework/Versions/A/CarbonCore
0x000000000121a000 	/System/Library/Frameworks/CoreServices.framework/Versions/A/Frameworks/Metadata.framework/Versions/A/Metadata
0x000000000121a000 	/System/Library/Frameworks/CoreServices.framework/Versions/A/Frameworks/OSServices.framework/Versions/A/OSServices
0x000000000121a000 	/System/Library/Frameworks/CoreServices.framework/Versions/A/Frameworks/SearchKit.framework/Versions/A/SearchKit
0x000000000121a000 	/System/Library/Frameworks/CoreServices.framework/Versions/A/Frameworks/AE.framework/Versions/A/AE
0x000000000121a000 	/System/Library/Frameworks/CoreServices.framework/Versions/A/Frameworks/LaunchServices.framework/Versions/A/LaunchServices
0x000000000121a000 	/System/Library/Frameworks/CoreServices.framework/Versions/A/Frameworks/DictionaryServices.framework/Versions/A/DictionaryServices
0x000000000121a000 	/System/Library/Frameworks/CoreServices.framework/Versions/A/Frameworks/SharedFileList.framework/Versions/A/SharedFileList
0x000000000121a000 	/System/Library/Frameworks/NetFS.framework/Versions/A/NetFS
0x000000000121a000 	/System/Library/PrivateFrameworks/NetAuth.framework/Versions/A/NetAuth
0x000000000121a000 	/System/Library/PrivateFrameworks/login.framework/Versions/A/Frameworks/loginsupport.framework/Versions/A/loginsupport
0x000000000121a000 	/System/Library/PrivateFrameworks/TCC.framework/Versions/A/TCC
0x000000000121a000 	/usr/lib/libmecabra.dylib
0x000000000121a000 	/System/Library/Frameworks/ApplicationServices.framework/Versions/A/Frameworks/ATS.framework/Versions/A/ATS
0x000000000121a000 	/System/Library/Frameworks/ApplicationServices.framework/Versions/A/Frameworks/ColorSync.framework/Versions/A/ColorSync
0x000000000121a000 	/System/Library/Frameworks/ApplicationServices.framework/Versions/A/Frameworks/HIServices.framework/Versions/A/HIServices
0x000000000121a000 	/System/Library/Frameworks/ApplicationServices.framework/Versions/A/Frameworks/LangAnalysis.framework/Versions/A/LangAnalysis
0x000000000121a000 	/System/Library/Frameworks/ApplicationServices.framework/Versions/A/Frameworks/PrintCore.framework/Versions/A/PrintCore
0x000000000121a000 	/System/Library/Frameworks/ApplicationServices.framework/Versions/A/Frameworks/QD.framework/Versions/A/QD
0x000000000121a000 	/System/Library/Frameworks/ApplicationServices.framework/Versions/A/Frameworks/SpeechSynthesis.framework/Versions/A/SpeechSynthesis
0x000000000121a000 	/System/Library/Frameworks/Metal.framework/Versions/A/Metal
0x000000000121a000 	/System/Library/Frameworks/Accelerate.framework/Versions/A/Frameworks/vImage.framework/Versions/A/vImage
0x000000000121a000 	/System/Library/Frameworks/Accelerate.framework/Versions/A/Frameworks/vecLib.framework/Versions/A/vecLib
0x000000000121a000 	/System/Library/Frameworks/Accelerate.framework/Versions/A/Frameworks/vecLib.framework/Versions/A/libvDSP.dylib
0x000000000121a000 	/System/Library/Frameworks/Accelerate.framework/Versions/A/Frameworks/vecLib.framework/Versions/A/libvMisc.dylib
0x000000000121a000 	/System/Library/Frameworks/Accelerate.framework/Versions/A/Frameworks/vecLib.framework/Versions/A/libLAPACK.dylib
0x000000000121a000 	/System/Library/Frameworks/Accelerate.framework/Versions/A/Frameworks/vecLib.framework/Versions/A/libBLAS.dylib
0x000000000121a000 	/System/Library/Frameworks/Accelerate.framework/Versions/A/Frameworks/vecLib.framework/Versions/A/libLinearAlgebra.dylib
0x000000000121a000 	/System/Library/Frameworks/Accelerate.framework/Versions/A/Frameworks/vecLib.framework/Versions/A/libSparseBLAS.dylib
0x000000000121a000 	/System/Library/PrivateFrameworks/GPUCompiler.framework/libmetal_timestamp.dylib
0x000000000121a000 	/System/Library/Frameworks/OpenGL.framework/Versions/A/Libraries/libCoreFSCache.dylib
0x000000000121a000 	/System/Library/PrivateFrameworks/IOAccelerator.framework/Versions/A/IOAccelerator
0x000000000121a000 	/System/Library/Frameworks/ApplicationServices.framework/Versions/A/Frameworks/ATS.framework/Versions/A/Resources/libFontParser.dylib
0x000000000121a000 	/System/Library/Frameworks/ApplicationServices.framework/Versions/A/Frameworks/ATS.framework/Versions/A/Resources/libFontRegistry.dylib
0x000000000121a000 	/System/Library/PrivateFrameworks/AppleVPA.framework/Versions/A/AppleVPA
0x000000000121a000 	/System/Library/PrivateFrameworks/AppleJPEG.framework/Versions/A/AppleJPEG
0x000000000121a000 	/System/Library/Frameworks/ImageIO.framework/Versions/A/Resources/libJPEG.dylib
0x000000000121a000 	/System/Library/Frameworks/ImageIO.framework/Versions/A/Resources/libTIFF.dylib
0x000000000121a000 	/System/Library/Frameworks/ImageIO.framework/Versions/A/Resources/libPng.dylib
0x000000000121a000 	/System/Library/Frameworks/ImageIO.framework/Versions/A/Resources/libGIF.dylib
0x000000000121a000 	/System/Library/Frameworks/ImageIO.framework/Versions/A/Resources/libJP2.dylib
0x000000000121a000 	/System/Library/Frameworks/ImageIO.framework/Versions/A/Resources/libRadiance.dylib
0x000000000121a000 	/System/Library/Frameworks/CoreVideo.framework/Versions/A/CoreVideo
0x000000000121a000 	/System/Library/Frameworks/OpenGL.framework/Versions/A/Libraries/libGLU.dylib
0x000000000121a000 	/System/Library/Frameworks/OpenGL.framework/Versions/A/Libraries/libGFXShared.dylib
0x000000000121a000 	/System/Library/Frameworks/OpenGL.framework/Versions/A/Libraries/libGL.dylib
0x000000000121a000 	/System/Library/Frameworks/OpenGL.framework/Versions/A/Libraries/libGLImage.dylib
0x000000000121a000 	/System/Library/Frameworks/OpenGL.framework/Versions/A/Libraries/libCVMSPluginSupport.dylib
0x000000000121a000 	/System/Library/Frameworks/OpenGL.framework/Versions/A/Libraries/libCoreVMClient.dylib
0x000000000121a000 	/usr/lib/libcups.2.dylib
0x000000000121a000 	/System/Library/Frameworks/Kerberos.framework/Versions/A/Kerberos
0x000000000121a000 	/System/Library/Frameworks/GSS.framework/Versions/A/GSS
0x000000000121a000 	/usr/lib/libresolv.9.dylib
0x000000000121a000 	/usr/lib/libiconv.2.dylib
0x000000000121a000 	/System/Library/PrivateFrameworks/Heimdal.framework/Versions/A/Heimdal
0x000000000121a000 	/usr/lib/libheimdal-asn1.dylib
0x000000000121a000 	/System/Library/Frameworks/OpenDirectory.framework/Versions/A/OpenDirectory
0x000000000121a000 	/System/Library/PrivateFrameworks/CommonAuth.framework/Versions/A/CommonAuth
0x000000000121a000 	/System/Library/Frameworks/OpenDirectory.framework/Versions/A/Frameworks/CFOpenDirectory.framework/Versions/A/CFOpenDirectory
0x000000000121a000 	/System/Library/Frameworks/SecurityFoundation.framework/Versions/A/SecurityFoundation
0x000000000121a000 	/System/Library/PrivateFrameworks/LanguageModeling.framework/Versions/A/LanguageModeling
0x000000000121a000 	/usr/lib/libmarisa.dylib
0x000000000121a000 	/usr/lib/libChineseTokenizer.dylib
0x000000000121a000 	/usr/lib/libcmph.dylib
0x000000000121a000 	/usr/lib/libcompression.dylib
0x000000000121a000 	/System/Library/Frameworks/ServiceManagement.framework/Versions/A/ServiceManagement
0x000000000121a000 	/usr/lib/libxslt.1.dylib
0x000000000121a000 	/System/Library/Frameworks/Carbon.framework/Versions/A/Frameworks/Ink.framework/Versions/A/Ink
0x000000000121a000 	/usr/lib/libFosl_dynamic.dylib
0x000000000121a000 	/System/Library/PrivateFrameworks/FaceCore.framework/Versions/A/FaceCore
0x000000000121a000 	/System/Library/Frameworks/OpenCL.framework/Versions/A/OpenCL
0x000000000121a000 	/System/Library/PrivateFrameworks/CrashReporterSupport.framework/Versions/A/CrashReporterSupport
0x000000000121a000 	/System/Library/PrivateFrameworks/IconServices.framework/Versions/A/IconServices
0x000000000121a000 	/System/Library/PrivateFrameworks/Apple80211.framework/Versions/A/Apple80211
0x000000000121a000 	/System/Library/Frameworks/CoreWLAN.framework/Versions/A/CoreWLAN
0x000000000121a000 	/System/Library/Frameworks/IOBluetooth.framework/Versions/A/IOBluetooth
0x000000000121a000 	/System/Library/PrivateFrameworks/CoreWiFi.framework/Versions/A/CoreWiFi
0x000000000121a000 	/System/Library/Frameworks/CoreBluetooth.framework/Versions/A/CoreBluetooth
0x000000000121a000 	/System/Library/PrivateFrameworks/ChunkingLibrary.framework/Versions/A/ChunkingLibrary
0x000000000121a000 	/System/Library/PrivateFrameworks/DebugSymbols.framework/Versions/A/DebugSymbols
0x000000000121a000 	/System/Library/PrivateFrameworks/CoreSymbolication.framework/Versions/A/CoreSymbolication
0x000000000121a000 	/System/Library/PrivateFrameworks/Symbolication.framework/Versions/A/Symbolication
0x000000000121a000 	/System/Library/PrivateFrameworks/SpeechRecognitionCore.framework/Versions/A/SpeechRecognitionCore
0x000000010a274000 	/Applications/Android Studio.app/Contents/jre/jdk/Contents/Home/jre/lib/server/libjvm.dylib
0x000000000121a000 	/usr/lib/libstdc++.6.dylib
0x000000010acdc000 	/Applications/Android Studio.app/Contents/jre/jdk/Contents/Home/jre/lib/libverify.dylib
0x000000010ace8000 	/Applications/Android Studio.app/Contents/jre/jdk/Contents/Home/jre/lib/libjava.dylib
0x000000010ad2a000 	/Applications/Android Studio.app/Contents/jre/jdk/Contents/Home/jre/lib/libzip.dylib
0x00000001201eb000 	/Applications/Android Studio.app/Contents/jre/jdk/Contents/Home/jre/lib/libnet.dylib
0x000000012024a000 	/Applications/Android Studio.app/Contents/jre/jdk/Contents/Home/jre/lib/libnio.dylib
0x000000012025a000 	/Users/chhekur/.gradle/native/25/osx-amd64/libnative-platform.dylib
0x000000012063a000 	/Applications/Android Studio.app/Contents/jre/jdk/Contents/Home/jre/lib/libmanagement.dylib

VM Arguments:
jvm_args: -Xmx1536m -Dfile.encoding=UTF-8 -Duser.country=US -Duser.language=en -Duser.variant 
java_command: org.gradle.launcher.daemon.bootstrap.GradleDaemon 4.4
java_class_path (initial): /Users/chhekur/.gradle/wrapper/dists/gradle-4.4-all/9br9xq1tocpiv8o6njlyu5op1/gradle-4.4/lib/gradle-launcher-4.4.jar
Launcher Type: SUN_STANDARD

Environment Variables:
PATH=/usr/local/bin:/usr/bin:/bin:/usr/sbin:/sbin
SHELL=/bin/bash

Signal Handlers:
SIGSEGV: [libjvm.dylib+0x53f567], sa_mask[0]=11111111011111110111111111111111, sa_flags=SA_ONSTACK|SA_RESTART|SA_SIGINFO
SIGBUS: [libjvm.dylib+0x53f567], sa_mask[0]=11111111011111110111111111111111, sa_flags=SA_RESTART|SA_SIGINFO
SIGFPE: [libjvm.dylib+0x437adf], sa_mask[0]=11111111011111110111111111111111, sa_flags=SA_RESTART|SA_SIGINFO
SIGPIPE: [libjvm.dylib+0x437adf], sa_mask[0]=11111111011111110111111111111111, sa_flags=SA_RESTART|SA_SIGINFO
SIGXFSZ: [libjvm.dylib+0x437adf], sa_mask[0]=11111111011111110111111111111111, sa_flags=SA_RESTART|SA_SIGINFO
SIGILL: [libjvm.dylib+0x437adf], sa_mask[0]=11111111011111110111111111111111, sa_flags=SA_RESTART|SA_SIGINFO
SIGUSR1: SIG_DFL, sa_mask[0]=00000000000000000000000000000000, sa_flags=none
SIGUSR2: [libjvm.dylib+0x438404], sa_mask[0]=00100000000000000000000000000000, sa_flags=SA_RESTART|SA_SIGINFO
SIGHUP: [libjvm.dylib+0x4365f9], sa_mask[0]=11111111011111110111111111111111, sa_flags=SA_RESTART|SA_SIGINFO
SIGINT: [libjvm.dylib+0x4365f9], sa_mask[0]=11111111011111110111111111111111, sa_flags=SA_RESTART|SA_SIGINFO
SIGTERM: [libjvm.dylib+0x4365f9], sa_mask[0]=11111111011111110111111111111111, sa_flags=SA_RESTART|SA_SIGINFO
SIGQUIT: [libjvm.dylib+0x4365f9], sa_mask[0]=11111111011111110111111111111111, sa_flags=SA_RESTART|SA_SIGINFO


---------------  S Y S T E M  ---------------

OS:Bsduname:Darwin 15.0.0 Darwin Kernel Version 15.0.0: Wed Aug 26 16:57:32 PDT 2015; root:xnu-3247.1.106~1/RELEASE_X86_64 x86_64
rlimit: STACK 8192k, CORE 0k, NPROC 709, NOFILE 10240, AS infinity
load average:2.26 2.15 1.89

CPU:total 4 (initial active 4) (4 cores per cpu, 1 threads per core) family 6 model 42 stepping 7, cmov, cx8, fxsr, mmx, sse, sse2, sse3, ssse3, sse4.1, sse4.2, popcnt, avx, aes, clmul, tsc, tscinvbit

Memory: 4k page, physical 10485760k(912648k free)

/proc/meminfo:


vm_info: OpenJDK 64-Bit Server VM (25.152-b01) for bsd-amd64 JRE (1.8.0_152-release-1024-b01), built by "builder" with gcc 4.2.1 Compatible Apple LLVM 8.1.0 (clang-802.0.42)

time: Tue Apr  2 14:54:00 2019
elapsed time: 6 seconds (0d 0h 0m 6s)

